{"E:\\ProjectRoot\\UniverseTS\\TsProject\\src\\framework\\common\\TypedObjectPool.ts": {"path":"E:\\ProjectRoot\\UniverseTS\\TsProject\\src\\framework\\common\\TypedObjectPool.ts","statementMap":{"0":{"start":{"line":5,"column":12},"end":{"line":5,"column":30}},"1":{"start":{"line":8,"column":8},"end":{"line":8,"column":26}},"2":{"start":{"line":12,"column":18},"end":{"line":12,"column":34}},"3":{"start":{"line":13,"column":8},"end":{"line":13,"column":59}},"4":{"start":{"line":17,"column":8},"end":{"line":17,"column":29}},"5":{"start":{"line":3,"column":0},"end":{"line":3,"column":13}},"6":{"start":{"line":23,"column":12},"end":{"line":23,"column":28}},"7":{"start":{"line":26,"column":8},"end":{"line":26,"column":26}},"8":{"start":{"line":30,"column":18},"end":{"line":30,"column":34}},"9":{"start":{"line":31,"column":8},"end":{"line":31,"column":59}},"10":{"start":{"line":35,"column":8},"end":{"line":35,"column":29}},"11":{"start":{"line":21,"column":0},"end":{"line":21,"column":13}}},"fnMap":{"0":{"name":"(anonymous_0)","decl":{"start":{"line":7,"column":4},"end":{"line":7,"column":16}},"loc":{"start":{"line":7,"column":24},"end":{"line":9,"column":5}}},"1":{"name":"(anonymous_1)","decl":{"start":{"line":11,"column":4},"end":{"line":11,"column":7}},"loc":{"start":{"line":11,"column":7},"end":{"line":14,"column":5}}},"2":{"name":"(anonymous_2)","decl":{"start":{"line":16,"column":4},"end":{"line":16,"column":11}},"loc":{"start":{"line":16,"column":20},"end":{"line":18,"column":5}}},"3":{"name":"(anonymous_3)","decl":{"start":{"line":25,"column":4},"end":{"line":25,"column":16}},"loc":{"start":{"line":25,"column":29},"end":{"line":27,"column":5}}},"4":{"name":"(anonymous_4)","decl":{"start":{"line":29,"column":4},"end":{"line":29,"column":7}},"loc":{"start":{"line":29,"column":7},"end":{"line":32,"column":5}}},"5":{"name":"(anonymous_5)","decl":{"start":{"line":34,"column":4},"end":{"line":34,"column":11}},"loc":{"start":{"line":34,"column":18},"end":{"line":36,"column":5}}}},"branchMap":{"0":{"loc":{"start":{"line":13,"column":15},"end":{"line":13,"column":58}},"type":"cond-expr","locations":[{"start":{"line":13,"column":35},"end":{"line":13,"column":38}},{"start":{"line":13,"column":41},"end":{"line":13,"column":58}}]},"1":{"loc":{"start":{"line":31,"column":15},"end":{"line":31,"column":58}},"type":"cond-expr","locations":[{"start":{"line":31,"column":35},"end":{"line":31,"column":38}},{"start":{"line":31,"column":41},"end":{"line":31,"column":58}}]}},"s":{"0":0,"1":0,"2":0,"3":0,"4":0,"5":3,"6":5,"7":5,"8":7,"9":7,"10":0,"11":3},"f":{"0":0,"1":0,"2":0,"3":5,"4":7,"5":0},"b":{"0":[0,0],"1":[0,7]}}
,"E:\\ProjectRoot\\UniverseTS\\TsProject\\src\\framework\\core\\BattleMath.ts": {"path":"E:\\ProjectRoot\\UniverseTS\\TsProject\\src\\framework\\core\\BattleMath.ts","statementMap":{"0":{"start":{"line":1,"column":0},"end":{"line":1,"column":30}},"1":{"start":{"line":3,"column":17},"end":{"line":3,"column":18}},"2":{"start":{"line":10,"column":8},"end":{"line":10,"column":29}},"3":{"start":{"line":14,"column":17},"end":{"line":14,"column":24}},"4":{"start":{"line":15,"column":17},"end":{"line":15,"column":24}},"5":{"start":{"line":16,"column":8},"end":{"line":16,"column":33}},"6":{"start":{"line":20,"column":8},"end":{"line":20,"column":41}},"7":{"start":{"line":24,"column":8},"end":{"line":24,"column":37}},"8":{"start":{"line":28,"column":21},"end":{"line":28,"column":30}},"9":{"start":{"line":29,"column":24},"end":{"line":29,"column":40}},"10":{"start":{"line":30,"column":8},"end":{"line":30,"column":74}},"11":{"start":{"line":34,"column":8},"end":{"line":36,"column":null}},"12":{"start":{"line":35,"column":12},"end":{"line":35,"column":38}},"13":{"start":{"line":37,"column":8},"end":{"line":37,"column":34}},"14":{"start":{"line":41,"column":21},"end":{"line":41,"column":62}},"15":{"start":{"line":42,"column":21},"end":{"line":42,"column":38}},"16":{"start":{"line":43,"column":23},"end":{"line":43,"column":48}},"17":{"start":{"line":44,"column":8},"end":{"line":44,"column":33}},"18":{"start":{"line":48,"column":8},"end":{"line":48,"column":38}},"19":{"start":{"line":52,"column":8},"end":{"line":52,"column":39}},"20":{"start":{"line":53,"column":8},"end":{"line":53,"column":39}},"21":{"start":{"line":54,"column":8},"end":{"line":54,"column":17}},"22":{"start":{"line":58,"column":20},"end":{"line":58,"column":69}},"23":{"start":{"line":59,"column":8},"end":{"line":59,"column":34}},"24":{"start":{"line":5,"column":0},"end":{"line":5,"column":13}},"25":{"start":{"line":6,"column":20},"end":{"line":6,"column":58}},"26":{"start":{"line":7,"column":20},"end":{"line":7,"column":58}}},"fnMap":{"0":{"name":"(anonymous_0)","decl":{"start":{"line":9,"column":4},"end":{"line":9,"column":10}},"loc":{"start":{"line":9,"column":40},"end":{"line":11,"column":5}}},"1":{"name":"(anonymous_1)","decl":{"start":{"line":13,"column":4},"end":{"line":13,"column":10}},"loc":{"start":{"line":13,"column":68},"end":{"line":17,"column":5}}},"2":{"name":"(anonymous_2)","decl":{"start":{"line":19,"column":4},"end":{"line":19,"column":10}},"loc":{"start":{"line":19,"column":43},"end":{"line":21,"column":5}}},"3":{"name":"(anonymous_3)","decl":{"start":{"line":23,"column":4},"end":{"line":23,"column":10}},"loc":{"start":{"line":23,"column":27},"end":{"line":25,"column":5}}},"4":{"name":"(anonymous_4)","decl":{"start":{"line":27,"column":4},"end":{"line":27,"column":10}},"loc":{"start":{"line":27,"column":59},"end":{"line":31,"column":5}}},"5":{"name":"(anonymous_5)","decl":{"start":{"line":33,"column":4},"end":{"line":33,"column":10}},"loc":{"start":{"line":33,"column":66},"end":{"line":38,"column":5}}},"6":{"name":"(anonymous_6)","decl":{"start":{"line":40,"column":4},"end":{"line":40,"column":10}},"loc":{"start":{"line":40,"column":89},"end":{"line":45,"column":5}}},"7":{"name":"(anonymous_7)","decl":{"start":{"line":47,"column":4},"end":{"line":47,"column":10}},"loc":{"start":{"line":47,"column":26},"end":{"line":49,"column":5}}},"8":{"name":"(anonymous_8)","decl":{"start":{"line":51,"column":4},"end":{"line":51,"column":10}},"loc":{"start":{"line":51,"column":28},"end":{"line":55,"column":5}}},"9":{"name":"(anonymous_9)","decl":{"start":{"line":57,"column":4},"end":{"line":57,"column":10}},"loc":{"start":{"line":57,"column":45},"end":{"line":60,"column":5}}}},"branchMap":{"0":{"loc":{"start":{"line":24,"column":15},"end":{"line":24,"column":36}},"type":"cond-expr","locations":[{"start":{"line":24,"column":26},"end":{"line":24,"column":29}},{"start":{"line":24,"column":32},"end":{"line":24,"column":36}}]},"1":{"loc":{"start":{"line":30,"column":15},"end":{"line":30,"column":73}},"type":"cond-expr","locations":[{"start":{"line":30,"column":35},"end":{"line":30,"column":52}},{"start":{"line":30,"column":55},"end":{"line":30,"column":73}}]},"2":{"loc":{"start":{"line":34,"column":8},"end":{"line":36,"column":null}},"type":"if","locations":[{"start":{"line":34,"column":8},"end":{"line":36,"column":null}}]}},"s":{"0":1,"1":1,"2":0,"3":0,"4":0,"5":0,"6":0,"7":0,"8":0,"9":0,"10":0,"11":0,"12":0,"13":0,"14":0,"15":0,"16":0,"17":0,"18":0,"19":0,"20":0,"21":0,"22":0,"23":0,"24":1,"25":1,"26":1},"f":{"0":0,"1":0,"2":0,"3":0,"4":0,"5":0,"6":0,"7":0,"8":0,"9":0},"b":{"0":[0,0],"1":[0,0],"2":[0]}}
,"E:\\ProjectRoot\\UniverseTS\\TsProject\\src\\framework\\core\\FramePool.ts": {"path":"E:\\ProjectRoot\\UniverseTS\\TsProject\\src\\framework\\core\\FramePool.ts","statementMap":{"0":{"start":{"line":7,"column":12},"end":{"line":7,"column":44}},"1":{"start":{"line":8,"column":12},"end":{"line":8,"column":44}},"2":{"start":{"line":12,"column":28},"end":{"line":12,"column":78}},"3":{"start":{"line":13,"column":19},"end":{"line":13,"column":73}},"4":{"start":{"line":14,"column":28},"end":{"line":14,"column":78}},"5":{"start":{"line":15,"column":8},"end":{"line":15,"column":33}},"6":{"start":{"line":16,"column":8},"end":{"line":16,"column":20}},"7":{"start":{"line":20,"column":8},"end":{"line":20,"column":86}},"8":{"start":{"line":24,"column":8},"end":{"line":24,"column":86}},"9":{"start":{"line":28,"column":27},"end":{"line":28,"column":49}},"10":{"start":{"line":29,"column":27},"end":{"line":29,"column":49}},"11":{"start":{"line":31,"column":8},"end":{"line":39,"column":null}},"12":{"start":{"line":32,"column":33},"end":{"line":32,"column":50}},"13":{"start":{"line":33,"column":33},"end":{"line":33,"column":56}},"14":{"start":{"line":35,"column":12},"end":{"line":35,"column":51}},"15":{"start":{"line":36,"column":12},"end":{"line":36,"column":38}},"16":{"start":{"line":38,"column":12},"end":{"line":38,"column":57}},"17":{"start":{"line":43,"column":8},"end":{"line":43,"column":53}},"18":{"start":{"line":6,"column":0},"end":{"line":6,"column":13}},"19":{"start":{"line":47,"column":11},"end":{"line":47,"column":42}}},"fnMap":{"0":{"name":"(anonymous_0)","decl":{"start":{"line":6,"column":0},"end":{"line":6,"column":13}},"loc":{"start":{"line":6,"column":0},"end":{"line":45,"column":1}}},"1":{"name":"(anonymous_1)","decl":{"start":{"line":11,"column":4},"end":{"line":11,"column":13}},"loc":{"start":{"line":11,"column":50},"end":{"line":17,"column":5}}},"2":{"name":"(anonymous_2)","decl":{"start":{"line":19,"column":4},"end":{"line":19,"column":25}},"loc":{"start":{"line":19,"column":38},"end":{"line":21,"column":5}}},"3":{"name":"(anonymous_3)","decl":{"start":{"line":23,"column":4},"end":{"line":23,"column":25}},"loc":{"start":{"line":23,"column":38},"end":{"line":25,"column":5}}},"4":{"name":"(anonymous_4)","decl":{"start":{"line":27,"column":4},"end":{"line":27,"column":14}},"loc":{"start":{"line":27,"column":14},"end":{"line":40,"column":5}}},"5":{"name":"(anonymous_5)","decl":{"start":{"line":42,"column":12},"end":{"line":42,"column":27}},"loc":{"start":{"line":42,"column":58},"end":{"line":44,"column":5}}}},"branchMap":{"0":{"loc":{"start":{"line":13,"column":19},"end":{"line":13,"column":73}},"type":"cond-expr","locations":[{"start":{"line":13,"column":42},"end":{"line":13,"column":61}},{"start":{"line":13,"column":64},"end":{"line":13,"column":73}}]},"1":{"loc":{"start":{"line":20,"column":15},"end":{"line":20,"column":85}},"type":"cond-expr","locations":[{"start":{"line":20,"column":46},"end":{"line":20,"column":81}},{"start":{"line":20,"column":84},"end":{"line":20,"column":85}}]},"2":{"loc":{"start":{"line":24,"column":15},"end":{"line":24,"column":85}},"type":"cond-expr","locations":[{"start":{"line":24,"column":46},"end":{"line":24,"column":81}},{"start":{"line":24,"column":84},"end":{"line":24,"column":85}}]},"3":{"loc":{"start":{"line":33,"column":33},"end":{"line":33,"column":56}},"type":"binary-expr","locations":[{"start":{"line":33,"column":33},"end":{"line":33,"column":50}},{"start":{"line":33,"column":54},"end":{"line":33,"column":56}}]},"4":{"loc":{"start":{"line":43,"column":15},"end":{"line":43,"column":52}},"type":"binary-expr","locations":[{"start":{"line":43,"column":15},"end":{"line":43,"column":28}},{"start":{"line":43,"column":33},"end":{"line":43,"column":51}}]}},"s":{"0":2,"1":2,"2":2,"3":2,"4":2,"5":2,"6":2,"7":2,"8":2,"9":1,"10":1,"11":1,"12":1,"13":1,"14":1,"15":1,"16":1,"17":4,"18":2,"19":2},"f":{"0":2,"1":2,"2":2,"3":2,"4":1,"5":4},"b":{"0":[0,2],"1":[2,0],"2":[2,0],"3":[1,0],"4":[4,4]}}
,"E:\\ProjectRoot\\UniverseTS\\TsProject\\src\\framework\\core\\JSExtends.ts": {"path":"E:\\ProjectRoot\\UniverseTS\\TsProject\\src\\framework\\core\\JSExtends.ts","statementMap":{"0":{"start":{"line":3,"column":22},"end":{"line":3,"column":23}},"1":{"start":{"line":6,"column":4},"end":{"line":8,"column":null}},"2":{"start":{"line":7,"column":8},"end":{"line":7,"column":46}},"3":{"start":{"line":10,"column":4},"end":{"line":12,"column":null}},"4":{"start":{"line":11,"column":8},"end":{"line":11,"column":42}},"5":{"start":{"line":15,"column":0},"end":{"line":15,"column":19}}},"fnMap":{"0":{"name":"installJSExtends","decl":{"start":{"line":5,"column":9},"end":{"line":5,"column":25}},"loc":{"start":{"line":5,"column":25},"end":{"line":13,"column":1}}},"1":{"name":"(anonymous_1)","decl":{"start":{"line":6,"column":32},"end":{"line":6,"column":null}},"loc":{"start":{"line":6,"column":32},"end":{"line":8,"column":5}}},"2":{"name":"(anonymous_2)","decl":{"start":{"line":10,"column":34},"end":{"line":10,"column":43}},"loc":{"start":{"line":10,"column":54},"end":{"line":12,"column":5}}}},"branchMap":{},"s":{"0":1,"1":1,"2":2,"3":1,"4":0,"5":1},"f":{"0":1,"1":2,"2":0},"b":{}}
,"E:\\ProjectRoot\\UniverseTS\\TsProject\\src\\framework\\core\\ListNode.ts": {"path":"E:\\ProjectRoot\\UniverseTS\\TsProject\\src\\framework\\core\\ListNode.ts","statementMap":{"0":{"start":{"line":1,"column":0},"end":{"line":1,"column":60}},"1":{"start":{"line":5,"column":32},"end":{"line":5,"column":56}},"2":{"start":{"line":13,"column":8},"end":{"line":13,"column":34}},"3":{"start":{"line":17,"column":8},"end":{"line":17,"column":25}},"4":{"start":{"line":18,"column":8},"end":{"line":18,"column":30}},"5":{"start":{"line":20,"column":8},"end":{"line":20,"column":30}},"6":{"start":{"line":21,"column":8},"end":{"line":21,"column":25}},"7":{"start":{"line":25,"column":8},"end":{"line":25,"column":35}},"8":{"start":{"line":26,"column":8},"end":{"line":26,"column":35}},"9":{"start":{"line":28,"column":8},"end":{"line":28,"column":25}},"10":{"start":{"line":29,"column":8},"end":{"line":29,"column":25}},"11":{"start":{"line":30,"column":8},"end":{"line":30,"column":23}},"12":{"start":{"line":31,"column":8},"end":{"line":31,"column":37}},"13":{"start":{"line":35,"column":8},"end":{"line":35,"column":25}},"14":{"start":{"line":36,"column":8},"end":{"line":36,"column":25}},"15":{"start":{"line":37,"column":8},"end":{"line":37,"column":25}},"16":{"start":{"line":38,"column":8},"end":{"line":38,"column":20}},"17":{"start":{"line":3,"column":0},"end":{"line":3,"column":13}},"18":{"start":{"line":4,"column":19},"end":{"line":4,"column":57}}},"fnMap":{"0":{"name":"(anonymous_0)","decl":{"start":{"line":5,"column":4},"end":{"line":5,"column":10}},"loc":{"start":{"line":5,"column":17},"end":{"line":5,"column":58}}},"1":{"name":"(anonymous_1)","decl":{"start":{"line":12,"column":4},"end":{"line":12,"column":11}},"loc":{"start":{"line":12,"column":11},"end":{"line":14,"column":5}}},"2":{"name":"(anonymous_2)","decl":{"start":{"line":16,"column":4},"end":{"line":16,"column":15}},"loc":{"start":{"line":16,"column":30},"end":{"line":22,"column":5}}},"3":{"name":"(anonymous_3)","decl":{"start":{"line":24,"column":4},"end":{"line":24,"column":10}},"loc":{"start":{"line":24,"column":10},"end":{"line":32,"column":5}}},"4":{"name":"(anonymous_4)","decl":{"start":{"line":34,"column":4},"end":{"line":34,"column":9}},"loc":{"start":{"line":34,"column":9},"end":{"line":39,"column":5}}}},"branchMap":{},"s":{"0":3,"1":5,"2":0,"3":2,"4":2,"5":2,"6":2,"7":0,"8":0,"9":0,"10":0,"11":0,"12":0,"13":0,"14":0,"15":0,"16":0,"17":3,"18":3},"f":{"0":5,"1":0,"2":2,"3":0,"4":0},"b":{}}
,"E:\\ProjectRoot\\UniverseTS\\TsProject\\src\\framework\\core\\Prando.ts": {"path":"E:\\ProjectRoot\\UniverseTS\\TsProject\\src\\framework\\core\\Prando.ts","statementMap":{"0":{"start":{"line":7,"column":9},"end":{"line":7,"column":30}},"1":{"start":{"line":19,"column":2},"end":{"line":28,"column":null}},"2":{"start":{"line":21,"column":3},"end":{"line":21,"column":36}},"3":{"start":{"line":22,"column":9},"end":{"line":28,"column":null}},"4":{"start":{"line":24,"column":3},"end":{"line":24,"column":39}},"5":{"start":{"line":27,"column":3},"end":{"line":27,"column":101}},"6":{"start":{"line":29,"column":2},"end":{"line":29,"column":15}},"7":{"start":{"line":44,"column":2},"end":{"line":44,"column":21}},"8":{"start":{"line":45,"column":2},"end":{"line":45,"column":71}},"9":{"start":{"line":56,"column":2},"end":{"line":56,"column":21}},"10":{"start":{"line":57,"column":2},"end":{"line":57,"column":81}},"11":{"start":{"line":72,"column":12},"end":{"line":72,"column":14}},"12":{"start":{"line":73,"column":2},"end":{"line":75,"column":null}},"13":{"start":{"line":74,"column":3},"end":{"line":74,"column":31}},"14":{"start":{"line":76,"column":2},"end":{"line":76,"column":13}},"15":{"start":{"line":86,"column":2},"end":{"line":86,"column":21}},"16":{"start":{"line":87,"column":2},"end":{"line":87,"column":60}},"17":{"start":{"line":102,"column":2},"end":{"line":102,"column":21}},"18":{"start":{"line":103,"column":2},"end":{"line":103,"column":50}},"19":{"start":{"line":112,"column":2},"end":{"line":112,"column":21}},"20":{"start":{"line":113,"column":2},"end":{"line":113,"column":27}},"21":{"start":{"line":124,"column":2},"end":{"line":126,"column":null}},"22":{"start":{"line":125,"column":3},"end":{"line":125,"column":22}},"23":{"start":{"line":143,"column":2},"end":{"line":143,"column":27}},"24":{"start":{"line":151,"column":2},"end":{"line":151,"column":43}},"25":{"start":{"line":157,"column":2},"end":{"line":157,"column":23}},"26":{"start":{"line":158,"column":2},"end":{"line":158,"column":23}},"27":{"start":{"line":159,"column":2},"end":{"line":159,"column":22}},"28":{"start":{"line":160,"column":2},"end":{"line":160,"column":15}},"29":{"start":{"line":164,"column":2},"end":{"line":164,"column":75}},"30":{"start":{"line":168,"column":13},"end":{"line":168,"column":14}},"31":{"start":{"line":169,"column":2},"end":{"line":176,"column":null}},"32":{"start":{"line":170,"column":13},"end":{"line":170,"column":23}},"33":{"start":{"line":171,"column":3},"end":{"line":175,"column":null}},"34":{"start":{"line":171,"column":16},"end":{"line":171,"column":17}},"35":{"start":{"line":172,"column":4},"end":{"line":172,"column":52}},"36":{"start":{"line":173,"column":4},"end":{"line":173,"column":14}},"37":{"start":{"line":174,"column":4},"end":{"line":174,"column":31}},"38":{"start":{"line":177,"column":2},"end":{"line":177,"column":32}},"39":{"start":{"line":181,"column":2},"end":{"line":181,"column":27}},"40":{"start":{"line":181,"column":18},"end":{"line":181,"column":27}},"41":{"start":{"line":182,"column":2},"end":{"line":182,"column":14}},"42":{"start":{"line":1,"column":0},"end":{"line":1,"column":21}},"43":{"start":{"line":3,"column":16},"end":{"line":3,"column":42}},"44":{"start":{"line":4,"column":16},"end":{"line":4,"column":41}}},"fnMap":{"0":{"name":"(anonymous_0)","decl":{"start":{"line":18,"column":1},"end":{"line":18,"column":13}},"loc":{"start":{"line":18,"column":35},"end":{"line":30,"column":2}}},"1":{"name":"(anonymous_1)","decl":{"start":{"line":43,"column":8},"end":{"line":43,"column":12}},"loc":{"start":{"line":43,"column":51},"end":{"line":46,"column":2}}},"2":{"name":"(anonymous_2)","decl":{"start":{"line":55,"column":8},"end":{"line":55,"column":15}},"loc":{"start":{"line":55,"column":51},"end":{"line":58,"column":2}}},"3":{"name":"(anonymous_3)","decl":{"start":{"line":71,"column":8},"end":{"line":71,"column":18}},"loc":{"start":{"line":71,"column":120},"end":{"line":77,"column":2}}},"4":{"name":"(anonymous_4)","decl":{"start":{"line":85,"column":8},"end":{"line":85,"column":16}},"loc":{"start":{"line":85,"column":97},"end":{"line":88,"column":2}}},"5":{"name":"(anonymous_5)","decl":{"start":{"line":101,"column":8},"end":{"line":101,"column":21}},"loc":{"start":{"line":101,"column":35},"end":{"line":104,"column":2}}},"6":{"name":"(anonymous_6)","decl":{"start":{"line":111,"column":8},"end":{"line":111,"column":19}},"loc":{"start":{"line":111,"column":19},"end":{"line":114,"column":2}}},"7":{"name":"(anonymous_7)","decl":{"start":{"line":123,"column":8},"end":{"line":123,"column":12}},"loc":{"start":{"line":123,"column":35},"end":{"line":127,"column":2}}},"8":{"name":"(anonymous_8)","decl":{"start":{"line":142,"column":8},"end":{"line":142,"column":13}},"loc":{"start":{"line":142,"column":13},"end":{"line":144,"column":2}}},"9":{"name":"(anonymous_9)","decl":{"start":{"line":150,"column":9},"end":{"line":150,"column":20}},"loc":{"start":{"line":150,"column":20},"end":{"line":152,"column":2}}},"10":{"name":"(anonymous_10)","decl":{"start":{"line":154,"column":9},"end":{"line":154,"column":17}},"loc":{"start":{"line":154,"column":31},"end":{"line":161,"column":2}}},"11":{"name":"(anonymous_11)","decl":{"start":{"line":163,"column":9},"end":{"line":163,"column":12}},"loc":{"start":{"line":163,"column":88},"end":{"line":165,"column":2}}},"12":{"name":"(anonymous_12)","decl":{"start":{"line":167,"column":9},"end":{"line":167,"column":17}},"loc":{"start":{"line":167,"column":29},"end":{"line":178,"column":2}}},"13":{"name":"(anonymous_13)","decl":{"start":{"line":180,"column":9},"end":{"line":180,"column":20}},"loc":{"start":{"line":180,"column":33},"end":{"line":183,"column":2}}}},"branchMap":{"0":{"loc":{"start":{"line":19,"column":2},"end":{"line":28,"column":null}},"type":"if","locations":[{"start":{"line":19,"column":2},"end":{"line":28,"column":null}},{"start":{"line":22,"column":9},"end":{"line":28,"column":null}}]},"1":{"loc":{"start":{"line":22,"column":9},"end":{"line":28,"column":null}},"type":"if","locations":[{"start":{"line":22,"column":9},"end":{"line":28,"column":null}},{"start":{"line":25,"column":9},"end":{"line":28,"column":null}}]},"2":{"loc":{"start":{"line":43,"column":13},"end":{"line":43,"column":28}},"type":"default-arg","locations":[{"start":{"line":43,"column":27},"end":{"line":43,"column":28}}]},"3":{"loc":{"start":{"line":43,"column":30},"end":{"line":43,"column":51}},"type":"default-arg","locations":[{"start":{"line":43,"column":50},"end":{"line":43,"column":51}}]},"4":{"loc":{"start":{"line":55,"column":16},"end":{"line":55,"column":32}},"type":"default-arg","locations":[{"start":{"line":55,"column":30},"end":{"line":55,"column":32}}]},"5":{"loc":{"start":{"line":55,"column":34},"end":{"line":55,"column":51}},"type":"default-arg","locations":[{"start":{"line":55,"column":48},"end":{"line":55,"column":51}}]},"6":{"loc":{"start":{"line":71,"column":19},"end":{"line":71,"column":38}},"type":"default-arg","locations":[{"start":{"line":71,"column":36},"end":{"line":71,"column":38}}]},"7":{"loc":{"start":{"line":71,"column":40},"end":{"line":71,"column":120}},"type":"default-arg","locations":[{"start":{"line":71,"column":56},"end":{"line":71,"column":120}}]},"8":{"loc":{"start":{"line":85,"column":17},"end":{"line":85,"column":97}},"type":"default-arg","locations":[{"start":{"line":85,"column":33},"end":{"line":85,"column":97}}]},"9":{"loc":{"start":{"line":123,"column":13},"end":{"line":123,"column":35}},"type":"default-arg","locations":[{"start":{"line":123,"column":34},"end":{"line":123,"column":35}}]},"10":{"loc":{"start":{"line":169,"column":2},"end":{"line":176,"column":null}},"type":"if","locations":[{"start":{"line":169,"column":2},"end":{"line":176,"column":null}}]},"11":{"loc":{"start":{"line":181,"column":2},"end":{"line":181,"column":27}},"type":"if","locations":[{"start":{"line":181,"column":2},"end":{"line":181,"column":27}}]}},"s":{"0":1,"1":1,"2":0,"3":1,"4":1,"5":0,"6":1,"7":1,"8":1,"9":5,"10":5,"11":1,"12":1,"13":3,"14":1,"15":4,"16":4,"17":0,"18":0,"19":1,"20":1,"21":0,"22":0,"23":1,"24":11,"25":11,"26":11,"27":11,"28":11,"29":6,"30":0,"31":0,"32":0,"33":0,"34":0,"35":0,"36":0,"37":0,"38":0,"39":1,"40":0,"41":1,"42":1,"43":1,"44":1},"f":{"0":1,"1":1,"2":5,"3":1,"4":4,"5":0,"6":1,"7":0,"8":1,"9":11,"10":11,"11":6,"12":0,"13":1},"b":{"0":[0,1],"1":[1,0],"2":[0],"3":[0],"4":[0],"5":[0],"6":[0],"7":[1],"8":[1],"9":[0],"10":[0],"11":[0]}}
,"E:\\ProjectRoot\\UniverseTS\\TsProject\\src\\framework\\core\\Vec2.ts": {"path":"E:\\ProjectRoot\\UniverseTS\\TsProject\\src\\framework\\core\\Vec2.ts","statementMap":{"0":{"start":{"line":1,"column":0},"end":{"line":1,"column":42}},"1":{"start":{"line":12,"column":18},"end":{"line":12,"column":32}},"2":{"start":{"line":13,"column":27},"end":{"line":13,"column":38}},"3":{"start":{"line":14,"column":19},"end":{"line":14,"column":33}},"4":{"start":{"line":15,"column":28},"end":{"line":15,"column":39}},"5":{"start":{"line":18,"column":8},"end":{"line":18,"column":24}},"6":{"start":{"line":19,"column":8},"end":{"line":19,"column":24}},"7":{"start":{"line":23,"column":8},"end":{"line":23,"column":19}},"8":{"start":{"line":24,"column":8},"end":{"line":24,"column":19}},"9":{"start":{"line":25,"column":8},"end":{"line":25,"column":20}},"10":{"start":{"line":29,"column":8},"end":{"line":29,"column":21}},"11":{"start":{"line":30,"column":8},"end":{"line":30,"column":21}},"12":{"start":{"line":31,"column":8},"end":{"line":31,"column":20}},"13":{"start":{"line":35,"column":8},"end":{"line":35,"column":19}},"14":{"start":{"line":36,"column":8},"end":{"line":36,"column":19}},"15":{"start":{"line":37,"column":8},"end":{"line":37,"column":20}},"16":{"start":{"line":41,"column":8},"end":{"line":41,"column":19}},"17":{"start":{"line":42,"column":8},"end":{"line":42,"column":20}},"18":{"start":{"line":46,"column":8},"end":{"line":46,"column":19}},"19":{"start":{"line":47,"column":8},"end":{"line":47,"column":20}},"20":{"start":{"line":51,"column":8},"end":{"line":51,"column":46}},"21":{"start":{"line":55,"column":8},"end":{"line":55,"column":32}},"22":{"start":{"line":56,"column":8},"end":{"line":56,"column":32}},"23":{"start":{"line":57,"column":8},"end":{"line":57,"column":20}},"24":{"start":{"line":61,"column":8},"end":{"line":61,"column":69}},"25":{"start":{"line":65,"column":8},"end":{"line":65,"column":40}},"26":{"start":{"line":69,"column":8},"end":{"line":69,"column":49}},"27":{"start":{"line":73,"column":8},"end":{"line":73,"column":60}},"28":{"start":{"line":77,"column":20},"end":{"line":77,"column":43}},"29":{"start":{"line":78,"column":23},"end":{"line":78,"column":48}},"30":{"start":{"line":79,"column":8},"end":{"line":81,"column":null}},"31":{"start":{"line":80,"column":12},"end":{"line":80,"column":35}},"32":{"start":{"line":82,"column":8},"end":{"line":82,"column":20}},"33":{"start":{"line":86,"column":8},"end":{"line":86,"column":26}},"34":{"start":{"line":87,"column":8},"end":{"line":87,"column":26}},"35":{"start":{"line":88,"column":8},"end":{"line":88,"column":19}},"36":{"start":{"line":92,"column":8},"end":{"line":92,"column":24}},"37":{"start":{"line":93,"column":8},"end":{"line":93,"column":24}},"38":{"start":{"line":94,"column":8},"end":{"line":94,"column":19}},"39":{"start":{"line":98,"column":8},"end":{"line":98,"column":30}},"40":{"start":{"line":99,"column":8},"end":{"line":99,"column":30}},"41":{"start":{"line":100,"column":8},"end":{"line":100,"column":19}},"42":{"start":{"line":104,"column":8},"end":{"line":104,"column":26}},"43":{"start":{"line":105,"column":8},"end":{"line":105,"column":26}},"44":{"start":{"line":106,"column":8},"end":{"line":106,"column":19}},"45":{"start":{"line":110,"column":8},"end":{"line":110,"column":24}},"46":{"start":{"line":111,"column":8},"end":{"line":111,"column":24}},"47":{"start":{"line":112,"column":8},"end":{"line":112,"column":19}},"48":{"start":{"line":116,"column":8},"end":{"line":116,"column":26}},"49":{"start":{"line":117,"column":8},"end":{"line":117,"column":26}},"50":{"start":{"line":118,"column":8},"end":{"line":118,"column":19}},"51":{"start":{"line":122,"column":8},"end":{"line":122,"column":24}},"52":{"start":{"line":123,"column":8},"end":{"line":123,"column":24}},"53":{"start":{"line":124,"column":8},"end":{"line":124,"column":19}},"54":{"start":{"line":128,"column":8},"end":{"line":128,"column":26}},"55":{"start":{"line":129,"column":8},"end":{"line":129,"column":26}},"56":{"start":{"line":130,"column":8},"end":{"line":130,"column":19}},"57":{"start":{"line":134,"column":8},"end":{"line":134,"column":47}},"58":{"start":{"line":138,"column":8},"end":{"line":138,"column":21}},"59":{"start":{"line":139,"column":8},"end":{"line":139,"column":21}},"60":{"start":{"line":140,"column":8},"end":{"line":140,"column":19}},"61":{"start":{"line":144,"column":8},"end":{"line":144,"column":37}},"62":{"start":{"line":148,"column":8},"end":{"line":148,"column":37}},"63":{"start":{"line":152,"column":8},"end":{"line":152,"column":50}},"64":{"start":{"line":156,"column":17},"end":{"line":156,"column":26}},"65":{"start":{"line":157,"column":17},"end":{"line":157,"column":26}},"66":{"start":{"line":158,"column":8},"end":{"line":158,"column":33}},"67":{"start":{"line":162,"column":8},"end":{"line":162,"column":48}},"68":{"start":{"line":166,"column":8},"end":{"line":166,"column":38}},"69":{"start":{"line":167,"column":8},"end":{"line":167,"column":38}},"70":{"start":{"line":168,"column":8},"end":{"line":168,"column":19}},"71":{"start":{"line":172,"column":17},"end":{"line":172,"column":26}},"72":{"start":{"line":173,"column":17},"end":{"line":173,"column":26}},"73":{"start":{"line":174,"column":8},"end":{"line":176,"column":null}},"74":{"start":{"line":175,"column":12},"end":{"line":175,"column":21}},"75":{"start":{"line":177,"column":20},"end":{"line":177,"column":61}},"76":{"start":{"line":178,"column":8},"end":{"line":178,"column":46}},"77":{"start":{"line":182,"column":8},"end":{"line":182,"column":44}},"78":{"start":{"line":3,"column":0},"end":{"line":3,"column":13}},"79":{"start":{"line":4,"column":20},"end":{"line":4,"column":43}},"80":{"start":{"line":5,"column":20},"end":{"line":5,"column":44}},"81":{"start":{"line":6,"column":20},"end":{"line":6,"column":44}},"82":{"start":{"line":7,"column":20},"end":{"line":7,"column":42}}},"fnMap":{"0":{"name":"(anonymous_0)","decl":{"start":{"line":12,"column":4},"end":{"line":12,"column":8}},"loc":{"start":{"line":12,"column":13},"end":{"line":12,"column":34}}},"1":{"name":"(anonymous_1)","decl":{"start":{"line":13,"column":4},"end":{"line":13,"column":8}},"loc":{"start":{"line":13,"column":23},"end":{"line":13,"column":40}}},"2":{"name":"(anonymous_2)","decl":{"start":{"line":14,"column":4},"end":{"line":14,"column":8}},"loc":{"start":{"line":14,"column":14},"end":{"line":14,"column":35}}},"3":{"name":"(anonymous_3)","decl":{"start":{"line":15,"column":4},"end":{"line":15,"column":8}},"loc":{"start":{"line":15,"column":24},"end":{"line":15,"column":41}}},"4":{"name":"(anonymous_4)","decl":{"start":{"line":17,"column":4},"end":{"line":17,"column":16}},"loc":{"start":{"line":17,"column":38},"end":{"line":20,"column":5}}},"5":{"name":"(anonymous_5)","decl":{"start":{"line":22,"column":4},"end":{"line":22,"column":7}},"loc":{"start":{"line":22,"column":28},"end":{"line":26,"column":5}}},"6":{"name":"(anonymous_6)","decl":{"start":{"line":28,"column":4},"end":{"line":28,"column":11}},"loc":{"start":{"line":28,"column":19},"end":{"line":32,"column":5}}},"7":{"name":"(anonymous_7)","decl":{"start":{"line":34,"column":4},"end":{"line":34,"column":13}},"loc":{"start":{"line":34,"column":23},"end":{"line":38,"column":5}}},"8":{"name":"(anonymous_8)","decl":{"start":{"line":40,"column":4},"end":{"line":40,"column":8}},"loc":{"start":{"line":40,"column":18},"end":{"line":43,"column":5}}},"9":{"name":"(anonymous_9)","decl":{"start":{"line":45,"column":4},"end":{"line":45,"column":8}},"loc":{"start":{"line":45,"column":18},"end":{"line":48,"column":5}}},"10":{"name":"(anonymous_10)","decl":{"start":{"line":50,"column":4},"end":{"line":50,"column":9}},"loc":{"start":{"line":50,"column":17},"end":{"line":52,"column":5}}},"11":{"name":"(anonymous_11)","decl":{"start":{"line":54,"column":4},"end":{"line":54,"column":9}},"loc":{"start":{"line":54,"column":9},"end":{"line":58,"column":5}}},"12":{"name":"(anonymous_12)","decl":{"start":{"line":60,"column":4},"end":{"line":60,"column":13}},"loc":{"start":{"line":60,"column":25},"end":{"line":62,"column":5}}},"13":{"name":"(anonymous_13)","decl":{"start":{"line":64,"column":4},"end":{"line":64,"column":9}},"loc":{"start":{"line":64,"column":9},"end":{"line":66,"column":5}}},"14":{"name":"(anonymous_14)","decl":{"start":{"line":68,"column":4},"end":{"line":68,"column":12}},"loc":{"start":{"line":68,"column":12},"end":{"line":70,"column":5}}},"15":{"name":"(anonymous_15)","decl":{"start":{"line":72,"column":4},"end":{"line":72,"column":10}},"loc":{"start":{"line":72,"column":10},"end":{"line":74,"column":5}}},"16":{"name":"(anonymous_16)","decl":{"start":{"line":76,"column":4},"end":{"line":76,"column":15}},"loc":{"start":{"line":76,"column":30},"end":{"line":83,"column":5}}},"17":{"name":"(anonymous_17)","decl":{"start":{"line":85,"column":4},"end":{"line":85,"column":10}},"loc":{"start":{"line":85,"column":42},"end":{"line":89,"column":5}}},"18":{"name":"(anonymous_18)","decl":{"start":{"line":91,"column":4},"end":{"line":91,"column":10}},"loc":{"start":{"line":91,"column":50},"end":{"line":95,"column":5}}},"19":{"name":"(anonymous_19)","decl":{"start":{"line":97,"column":4},"end":{"line":97,"column":10}},"loc":{"start":{"line":97,"column":62},"end":{"line":101,"column":5}}},"20":{"name":"(anonymous_20)","decl":{"start":{"line":103,"column":4},"end":{"line":103,"column":10}},"loc":{"start":{"line":103,"column":42},"end":{"line":107,"column":5}}},"21":{"name":"(anonymous_21)","decl":{"start":{"line":109,"column":4},"end":{"line":109,"column":10}},"loc":{"start":{"line":109,"column":50},"end":{"line":113,"column":5}}},"22":{"name":"(anonymous_22)","decl":{"start":{"line":115,"column":4},"end":{"line":115,"column":10}},"loc":{"start":{"line":115,"column":42},"end":{"line":119,"column":5}}},"23":{"name":"(anonymous_23)","decl":{"start":{"line":121,"column":4},"end":{"line":121,"column":10}},"loc":{"start":{"line":121,"column":50},"end":{"line":125,"column":5}}},"24":{"name":"(anonymous_24)","decl":{"start":{"line":127,"column":4},"end":{"line":127,"column":10}},"loc":{"start":{"line":127,"column":42},"end":{"line":131,"column":5}}},"25":{"name":"(anonymous_25)","decl":{"start":{"line":133,"column":4},"end":{"line":133,"column":10}},"loc":{"start":{"line":133,"column":50},"end":{"line":135,"column":5}}},"26":{"name":"(anonymous_26)","decl":{"start":{"line":137,"column":4},"end":{"line":137,"column":10}},"loc":{"start":{"line":137,"column":33},"end":{"line":141,"column":5}}},"27":{"name":"(anonymous_27)","decl":{"start":{"line":143,"column":4},"end":{"line":143,"column":10}},"loc":{"start":{"line":143,"column":31},"end":{"line":145,"column":5}}},"28":{"name":"(anonymous_28)","decl":{"start":{"line":147,"column":4},"end":{"line":147,"column":10}},"loc":{"start":{"line":147,"column":33},"end":{"line":149,"column":5}}},"29":{"name":"(anonymous_29)","decl":{"start":{"line":151,"column":4},"end":{"line":151,"column":10}},"loc":{"start":{"line":151,"column":39},"end":{"line":153,"column":5}}},"30":{"name":"(anonymous_30)","decl":{"start":{"line":155,"column":4},"end":{"line":155,"column":10}},"loc":{"start":{"line":155,"column":38},"end":{"line":159,"column":5}}},"31":{"name":"(anonymous_31)","decl":{"start":{"line":161,"column":4},"end":{"line":161,"column":10}},"loc":{"start":{"line":161,"column":36},"end":{"line":163,"column":5}}},"32":{"name":"(anonymous_32)","decl":{"start":{"line":165,"column":4},"end":{"line":165,"column":10}},"loc":{"start":{"line":165,"column":54},"end":{"line":169,"column":5}}},"33":{"name":"(anonymous_33)","decl":{"start":{"line":171,"column":4},"end":{"line":171,"column":10}},"loc":{"start":{"line":171,"column":36},"end":{"line":179,"column":5}}},"34":{"name":"(anonymous_34)","decl":{"start":{"line":181,"column":4},"end":{"line":181,"column":12}},"loc":{"start":{"line":181,"column":12},"end":{"line":183,"column":5}}}},"branchMap":{"0":{"loc":{"start":{"line":18,"column":17},"end":{"line":18,"column":23}},"type":"binary-expr","locations":[{"start":{"line":18,"column":17},"end":{"line":18,"column":18}},{"start":{"line":18,"column":22},"end":{"line":18,"column":23}}]},"1":{"loc":{"start":{"line":19,"column":17},"end":{"line":19,"column":23}},"type":"binary-expr","locations":[{"start":{"line":19,"column":17},"end":{"line":19,"column":18}},{"start":{"line":19,"column":22},"end":{"line":19,"column":23}}]},"2":{"loc":{"start":{"line":51,"column":15},"end":{"line":51,"column":45}},"type":"binary-expr","locations":[{"start":{"line":51,"column":15},"end":{"line":51,"column":28}},{"start":{"line":51,"column":32},"end":{"line":51,"column":45}}]},"3":{"loc":{"start":{"line":79,"column":8},"end":{"line":81,"column":null}},"type":"if","locations":[{"start":{"line":79,"column":8},"end":{"line":81,"column":null}}]},"4":{"loc":{"start":{"line":174,"column":8},"end":{"line":176,"column":null}},"type":"if","locations":[{"start":{"line":174,"column":8},"end":{"line":176,"column":null}}]},"5":{"loc":{"start":{"line":174,"column":12},"end":{"line":174,"column":30}},"type":"binary-expr","locations":[{"start":{"line":174,"column":12},"end":{"line":174,"column":19}},{"start":{"line":174,"column":23},"end":{"line":174,"column":30}}]}},"s":{"0":1,"1":0,"2":0,"3":0,"4":0,"5":4,"6":4,"7":0,"8":0,"9":0,"10":0,"11":0,"12":0,"13":0,"14":0,"15":0,"16":0,"17":0,"18":0,"19":0,"20":0,"21":0,"22":0,"23":0,"24":0,"25":0,"26":0,"27":0,"28":0,"29":0,"30":0,"31":0,"32":0,"33":0,"34":0,"35":0,"36":0,"37":0,"38":0,"39":0,"40":0,"41":0,"42":0,"43":0,"44":0,"45":0,"46":0,"47":0,"48":0,"49":0,"50":0,"51":0,"52":0,"53":0,"54":0,"55":0,"56":0,"57":0,"58":0,"59":0,"60":0,"61":0,"62":0,"63":0,"64":0,"65":0,"66":0,"67":0,"68":0,"69":0,"70":0,"71":0,"72":0,"73":0,"74":0,"75":0,"76":0,"77":0,"78":1,"79":1,"80":1,"81":1,"82":1},"f":{"0":0,"1":0,"2":0,"3":0,"4":4,"5":0,"6":0,"7":0,"8":0,"9":0,"10":0,"11":0,"12":0,"13":0,"14":0,"15":0,"16":0,"17":0,"18":0,"19":0,"20":0,"21":0,"22":0,"23":0,"24":0,"25":0,"26":0,"27":0,"28":0,"29":0,"30":0,"31":0,"32":0,"33":0,"34":0},"b":{"0":[4,2],"1":[4,2],"2":[0,0],"3":[0],"4":[0],"5":[0,0]}}
,"E:\\ProjectRoot\\UniverseTS\\TsProject\\src\\framework\\core\\ECS\\Entity.ts": {"path":"E:\\ProjectRoot\\UniverseTS\\TsProject\\src\\framework\\core\\ECS\\Entity.ts","statementMap":{"0":{"start":{"line":1,"column":0},"end":{"line":1,"column":63}},"1":{"start":{"line":2,"column":0},"end":{"line":2,"column":31}},"2":{"start":{"line":3,"column":0},"end":{"line":3,"column":36}},"3":{"start":{"line":4,"column":0},"end":{"line":4,"column":44}},"4":{"start":{"line":5,"column":0},"end":{"line":5,"column":42}},"5":{"start":{"line":6,"column":0},"end":{"line":6,"column":63}},"6":{"start":{"line":10,"column":17},"end":{"line":10,"column":43}},"7":{"start":{"line":18,"column":15},"end":{"line":18,"column":31}},"8":{"start":{"line":19,"column":20},"end":{"line":19,"column":37}},"9":{"start":{"line":20,"column":20},"end":{"line":20,"column":41}},"10":{"start":{"line":23,"column":8},"end":{"line":23,"column":24}},"11":{"start":{"line":24,"column":8},"end":{"line":24,"column":22}},"12":{"start":{"line":25,"column":8},"end":{"line":25,"column":38}},"13":{"start":{"line":26,"column":8},"end":{"line":26,"column":42}},"14":{"start":{"line":30,"column":8},"end":{"line":30,"column":25}},"15":{"start":{"line":31,"column":8},"end":{"line":31,"column":29}},"16":{"start":{"line":32,"column":8},"end":{"line":32,"column":33}},"17":{"start":{"line":33,"column":8},"end":{"line":33,"column":37}},"18":{"start":{"line":37,"column":8},"end":{"line":37,"column":48}},"19":{"start":{"line":38,"column":8},"end":{"line":38,"column":30}},"20":{"start":{"line":40,"column":8},"end":{"line":40,"column":98}},"21":{"start":{"line":41,"column":8},"end":{"line":41,"column":25}},"22":{"start":{"line":42,"column":8},"end":{"line":42,"column":37}},"23":{"start":{"line":53,"column":8},"end":{"line":53,"column":32}},"24":{"start":{"line":54,"column":8},"end":{"line":54,"column":25}},"25":{"start":{"line":55,"column":8},"end":{"line":67,"column":null}},"26":{"start":{"line":56,"column":12},"end":{"line":56,"column":29}},"27":{"start":{"line":57,"column":12},"end":{"line":66,"column":null}},"28":{"start":{"line":58,"column":16},"end":{"line":58,"column":33}},"29":{"start":{"line":59,"column":16},"end":{"line":65,"column":null}},"30":{"start":{"line":60,"column":20},"end":{"line":60,"column":37}},"31":{"start":{"line":61,"column":20},"end":{"line":64,"column":null}},"32":{"start":{"line":62,"column":24},"end":{"line":62,"column":41}},"33":{"start":{"line":63,"column":24},"end":{"line":63,"column":null}},"34":{"start":{"line":63,"column":36},"end":{"line":63,"column":53}},"35":{"start":{"line":68,"column":8},"end":{"line":68,"column":30}},"36":{"start":{"line":69,"column":8},"end":{"line":69,"column":63}},"37":{"start":{"line":73,"column":8},"end":{"line":75,"column":null}},"38":{"start":{"line":74,"column":12},"end":{"line":74,"column":24}},"39":{"start":{"line":76,"column":8},"end":{"line":76,"column":null}},"40":{"start":{"line":76,"column":53},"end":{"line":76,"column":65}},"41":{"start":{"line":77,"column":8},"end":{"line":77,"column":null}},"42":{"start":{"line":77,"column":53},"end":{"line":77,"column":65}},"43":{"start":{"line":78,"column":8},"end":{"line":78,"column":null}},"44":{"start":{"line":78,"column":53},"end":{"line":78,"column":65}},"45":{"start":{"line":79,"column":8},"end":{"line":79,"column":null}},"46":{"start":{"line":79,"column":53},"end":{"line":79,"column":65}},"47":{"start":{"line":80,"column":8},"end":{"line":80,"column":58}},"48":{"start":{"line":84,"column":21},"end":{"line":84,"column":59}},"49":{"start":{"line":85,"column":8},"end":{"line":87,"column":null}},"50":{"start":{"line":86,"column":12},"end":{"line":86,"column":60}},"51":{"start":{"line":88,"column":8},"end":{"line":88,"column":22}},"52":{"start":{"line":92,"column":18},"end":{"line":92,"column":27}},"53":{"start":{"line":93,"column":22},"end":{"line":93,"column":46}},"54":{"start":{"line":95,"column":8},"end":{"line":97,"column":null}},"55":{"start":{"line":96,"column":12},"end":{"line":96,"column":19}},"56":{"start":{"line":99,"column":24},"end":{"line":99,"column":66}},"57":{"start":{"line":100,"column":8},"end":{"line":100,"column":40}},"58":{"start":{"line":101,"column":8},"end":{"line":101,"column":37}},"59":{"start":{"line":103,"column":23},"end":{"line":103,"column":56}},"60":{"start":{"line":104,"column":8},"end":{"line":106,"column":null}},"61":{"start":{"line":105,"column":12},"end":{"line":105,"column":30}},"62":{"start":{"line":108,"column":8},"end":{"line":108,"column":90}},"63":{"start":{"line":112,"column":22},"end":{"line":112,"column":52}},"64":{"start":{"line":113,"column":8},"end":{"line":113,"column":42}},"65":{"start":{"line":117,"column":8},"end":{"line":117,"column":32}},"66":{"start":{"line":121,"column":21},"end":{"line":121,"column":54}},"67":{"start":{"line":122,"column":8},"end":{"line":124,"column":null}},"68":{"start":{"line":123,"column":12},"end":{"line":123,"column":37}},"69":{"start":{"line":125,"column":8},"end":{"line":125,"column":26}},"70":{"start":{"line":129,"column":8},"end":{"line":129,"column":48}},"71":{"start":{"line":133,"column":8},"end":{"line":135,"column":null}},"72":{"start":{"line":134,"column":12},"end":{"line":134,"column":102}},"73":{"start":{"line":139,"column":18},"end":{"line":139,"column":27}},"74":{"start":{"line":140,"column":22},"end":{"line":140,"column":46}},"75":{"start":{"line":141,"column":8},"end":{"line":143,"column":null}},"76":{"start":{"line":142,"column":12},"end":{"line":142,"column":19}},"77":{"start":{"line":145,"column":19},"end":{"line":145,"column":52}},"78":{"start":{"line":146,"column":20},"end":{"line":146,"column":31}},"79":{"start":{"line":147,"column":8},"end":{"line":160,"column":null}},"80":{"start":{"line":147,"column":21},"end":{"line":147,"column":22}},"81":{"start":{"line":148,"column":28},"end":{"line":148,"column":35}},"82":{"start":{"line":149,"column":12},"end":{"line":159,"column":null}},"83":{"start":{"line":151,"column":20},"end":{"line":151,"column":60}},"84":{"start":{"line":152,"column":20},"end":{"line":152,"column":26}},"85":{"start":{"line":154,"column":20},"end":{"line":154,"column":46}},"86":{"start":{"line":155,"column":20},"end":{"line":155,"column":26}},"87":{"start":{"line":157,"column":20},"end":{"line":157,"column":60}},"88":{"start":{"line":158,"column":20},"end":{"line":158,"column":26}},"89":{"start":{"line":161,"column":8},"end":{"line":161,"column":35}},"90":{"start":{"line":166,"column":20},"end":{"line":166,"column":52}},"91":{"start":{"line":167,"column":20},"end":{"line":167,"column":32}},"92":{"start":{"line":168,"column":8},"end":{"line":180,"column":null}},"93":{"start":{"line":168,"column":21},"end":{"line":168,"column":22}},"94":{"start":{"line":169,"column":23},"end":{"line":169,"column":31}},"95":{"start":{"line":170,"column":12},"end":{"line":179,"column":null}},"96":{"start":{"line":171,"column":16},"end":{"line":171,"column":34}},"97":{"start":{"line":172,"column":19},"end":{"line":179,"column":null}},"98":{"start":{"line":173,"column":27},"end":{"line":173,"column":37}},"99":{"start":{"line":174,"column":16},"end":{"line":174,"column":32}},"100":{"start":{"line":175,"column":16},"end":{"line":175,"column":41}},"101":{"start":{"line":176,"column":16},"end":{"line":176,"column":34}},"102":{"start":{"line":177,"column":19},"end":{"line":179,"column":null}},"103":{"start":{"line":178,"column":16},"end":{"line":178,"column":34}},"104":{"start":{"line":12,"column":0},"end":{"line":12,"column":13}}},"fnMap":{"0":{"name":"(anonymous_0)","decl":{"start":{"line":18,"column":4},"end":{"line":18,"column":8}},"loc":{"start":{"line":18,"column":10},"end":{"line":18,"column":33}}},"1":{"name":"(anonymous_1)","decl":{"start":{"line":19,"column":4},"end":{"line":19,"column":8}},"loc":{"start":{"line":19,"column":15},"end":{"line":19,"column":39}}},"2":{"name":"(anonymous_2)","decl":{"start":{"line":20,"column":4},"end":{"line":20,"column":8}},"loc":{"start":{"line":20,"column":15},"end":{"line":20,"column":43}}},"3":{"name":"(anonymous_3)","decl":{"start":{"line":22,"column":4},"end":{"line":22,"column":8}},"loc":{"start":{"line":22,"column":39},"end":{"line":27,"column":5}}},"4":{"name":"(anonymous_4)","decl":{"start":{"line":29,"column":4},"end":{"line":29,"column":9}},"loc":{"start":{"line":29,"column":9},"end":{"line":34,"column":5}}},"5":{"name":"(anonymous_5)","decl":{"start":{"line":36,"column":4},"end":{"line":36,"column":17}},"loc":{"start":{"line":36,"column":17},"end":{"line":43,"column":5}}},"6":{"name":"(anonymous_6)","decl":{"start":{"line":45,"column":4},"end":{"line":45,"column":7}},"loc":{"start":{"line":51,"column":24},"end":{"line":70,"column":5}}},"7":{"name":"(anonymous_7)","decl":{"start":{"line":72,"column":4},"end":{"line":72,"column":7}},"loc":{"start":{"line":72,"column":115},"end":{"line":81,"column":5}}},"8":{"name":"(anonymous_8)","decl":{"start":{"line":83,"column":4},"end":{"line":83,"column":15}},"loc":{"start":{"line":83,"column":123},"end":{"line":89,"column":5}}},"9":{"name":"(anonymous_9)","decl":{"start":{"line":91,"column":4},"end":{"line":91,"column":7}},"loc":{"start":{"line":91,"column":16},"end":{"line":109,"column":5}}},"10":{"name":"(anonymous_10)","decl":{"start":{"line":111,"column":4},"end":{"line":111,"column":7}},"loc":{"start":{"line":111,"column":16},"end":{"line":114,"column":5}}},"11":{"name":"(anonymous_11)","decl":{"start":{"line":116,"column":4},"end":{"line":116,"column":11}},"loc":{"start":{"line":116,"column":11},"end":{"line":118,"column":5}}},"12":{"name":"(anonymous_12)","decl":{"start":{"line":120,"column":4},"end":{"line":120,"column":8}},"loc":{"start":{"line":120,"column":21},"end":{"line":126,"column":5}}},"13":{"name":"(anonymous_13)","decl":{"start":{"line":128,"column":12},"end":{"line":128,"column":28}},"loc":{"start":{"line":128,"column":28},"end":{"line":130,"column":5}}},"14":{"name":"(anonymous_14)","decl":{"start":{"line":132,"column":12},"end":{"line":132,"column":26}},"loc":{"start":{"line":132,"column":26},"end":{"line":136,"column":5}}},"15":{"name":"(anonymous_15)","decl":{"start":{"line":138,"column":12},"end":{"line":138,"column":17}},"loc":{"start":{"line":138,"column":26},"end":{"line":162,"column":5}}},"16":{"name":"(anonymous_16)","decl":{"start":{"line":164,"column":12},"end":{"line":164,"column":33}},"loc":{"start":{"line":164,"column":33},"end":{"line":181,"column":5}}}},"branchMap":{"0":{"loc":{"start":{"line":55,"column":8},"end":{"line":67,"column":null}},"type":"if","locations":[{"start":{"line":55,"column":8},"end":{"line":67,"column":null}}]},"1":{"loc":{"start":{"line":57,"column":12},"end":{"line":66,"column":null}},"type":"if","locations":[{"start":{"line":57,"column":12},"end":{"line":66,"column":null}}]},"2":{"loc":{"start":{"line":59,"column":16},"end":{"line":65,"column":null}},"type":"if","locations":[{"start":{"line":59,"column":16},"end":{"line":65,"column":null}}]},"3":{"loc":{"start":{"line":61,"column":20},"end":{"line":64,"column":null}},"type":"if","locations":[{"start":{"line":61,"column":20},"end":{"line":64,"column":null}}]},"4":{"loc":{"start":{"line":63,"column":24},"end":{"line":63,"column":null}},"type":"if","locations":[{"start":{"line":63,"column":24},"end":{"line":63,"column":null}}]},"5":{"loc":{"start":{"line":73,"column":8},"end":{"line":75,"column":null}},"type":"if","locations":[{"start":{"line":73,"column":8},"end":{"line":75,"column":null}}]},"6":{"loc":{"start":{"line":76,"column":8},"end":{"line":76,"column":null}},"type":"if","locations":[{"start":{"line":76,"column":8},"end":{"line":76,"column":null}}]},"7":{"loc":{"start":{"line":76,"column":12},"end":{"line":76,"column":49}},"type":"binary-expr","locations":[{"start":{"line":76,"column":12},"end":{"line":76,"column":30}},{"start":{"line":76,"column":34},"end":{"line":76,"column":49}}]},"8":{"loc":{"start":{"line":77,"column":8},"end":{"line":77,"column":null}},"type":"if","locations":[{"start":{"line":77,"column":8},"end":{"line":77,"column":null}}]},"9":{"loc":{"start":{"line":77,"column":12},"end":{"line":77,"column":49}},"type":"binary-expr","locations":[{"start":{"line":77,"column":12},"end":{"line":77,"column":30}},{"start":{"line":77,"column":34},"end":{"line":77,"column":49}}]},"10":{"loc":{"start":{"line":78,"column":8},"end":{"line":78,"column":null}},"type":"if","locations":[{"start":{"line":78,"column":8},"end":{"line":78,"column":null}}]},"11":{"loc":{"start":{"line":78,"column":12},"end":{"line":78,"column":49}},"type":"binary-expr","locations":[{"start":{"line":78,"column":12},"end":{"line":78,"column":30}},{"start":{"line":78,"column":34},"end":{"line":78,"column":49}}]},"12":{"loc":{"start":{"line":79,"column":8},"end":{"line":79,"column":null}},"type":"if","locations":[{"start":{"line":79,"column":8},"end":{"line":79,"column":null}}]},"13":{"loc":{"start":{"line":79,"column":12},"end":{"line":79,"column":49}},"type":"binary-expr","locations":[{"start":{"line":79,"column":12},"end":{"line":79,"column":30}},{"start":{"line":79,"column":34},"end":{"line":79,"column":49}}]},"14":{"loc":{"start":{"line":85,"column":8},"end":{"line":87,"column":null}},"type":"if","locations":[{"start":{"line":85,"column":8},"end":{"line":87,"column":null}}]},"15":{"loc":{"start":{"line":95,"column":8},"end":{"line":97,"column":null}},"type":"if","locations":[{"start":{"line":95,"column":8},"end":{"line":97,"column":null}}]},"16":{"loc":{"start":{"line":122,"column":8},"end":{"line":124,"column":null}},"type":"if","locations":[{"start":{"line":122,"column":8},"end":{"line":124,"column":null}}]},"17":{"loc":{"start":{"line":133,"column":8},"end":{"line":135,"column":null}},"type":"if","locations":[{"start":{"line":133,"column":8},"end":{"line":135,"column":null}}]},"18":{"loc":{"start":{"line":141,"column":8},"end":{"line":143,"column":null}},"type":"if","locations":[{"start":{"line":141,"column":8},"end":{"line":143,"column":null}}]},"19":{"loc":{"start":{"line":149,"column":12},"end":{"line":159,"column":null}},"type":"switch","locations":[{"start":{"line":150,"column":16},"end":{"line":152,"column":26}},{"start":{"line":153,"column":16},"end":{"line":155,"column":26}},{"start":{"line":156,"column":16},"end":{"line":158,"column":26}}]},"20":{"loc":{"start":{"line":170,"column":12},"end":{"line":179,"column":null}},"type":"if","locations":[{"start":{"line":170,"column":12},"end":{"line":179,"column":null}},{"start":{"line":172,"column":19},"end":{"line":179,"column":null}}]},"21":{"loc":{"start":{"line":172,"column":19},"end":{"line":179,"column":null}},"type":"if","locations":[{"start":{"line":172,"column":19},"end":{"line":179,"column":null}},{"start":{"line":177,"column":19},"end":{"line":179,"column":null}}]},"22":{"loc":{"start":{"line":177,"column":19},"end":{"line":179,"column":null}},"type":"if","locations":[{"start":{"line":177,"column":19},"end":{"line":179,"column":null}}]}},"s":{"0":1,"1":1,"2":1,"3":1,"4":1,"5":1,"6":1,"7":0,"8":0,"9":0,"10":1,"11":1,"12":1,"13":1,"14":0,"15":0,"16":0,"17":0,"18":0,"19":0,"20":0,"21":0,"22":0,"23":1,"24":1,"25":1,"26":1,"27":1,"28":0,"29":0,"30":0,"31":0,"32":0,"33":0,"34":0,"35":1,"36":1,"37":2,"38":0,"39":2,"40":0,"41":2,"42":0,"43":2,"44":0,"45":2,"46":0,"47":2,"48":0,"49":0,"50":0,"51":0,"52":0,"53":0,"54":0,"55":0,"56":0,"57":0,"58":0,"59":0,"60":0,"61":0,"62":0,"63":2,"64":2,"65":0,"66":0,"67":0,"68":0,"69":0,"70":1,"71":1,"72":1,"73":2,"74":2,"75":2,"76":0,"77":2,"78":2,"79":2,"80":2,"81":1,"82":1,"83":1,"84":1,"85":0,"86":0,"87":0,"88":0,"89":2,"90":0,"91":0,"92":0,"93":0,"94":0,"95":0,"96":0,"97":0,"98":0,"99":0,"100":0,"101":0,"102":0,"103":0,"104":1},"f":{"0":0,"1":0,"2":0,"3":1,"4":0,"5":0,"6":1,"7":2,"8":0,"9":0,"10":2,"11":0,"12":0,"13":1,"14":1,"15":2,"16":0},"b":{"0":[1],"1":[0],"2":[0],"3":[0],"4":[0],"5":[0],"6":[0],"7":[2,0],"8":[0],"9":[2,0],"10":[0],"11":[2,0],"12":[0],"13":[2,0],"14":[0],"15":[0],"16":[0],"17":[1],"18":[0],"19":[1,0,0],"20":[0,0],"21":[0,0],"22":[0]}}
,"E:\\ProjectRoot\\UniverseTS\\TsProject\\src\\framework\\core\\ECS\\EntityContext.ts": {"path":"E:\\ProjectRoot\\UniverseTS\\TsProject\\src\\framework\\core\\ECS\\EntityContext.ts","statementMap":{"0":{"start":{"line":1,"column":0},"end":{"line":1,"column":63}},"1":{"start":{"line":3,"column":0},"end":{"line":3,"column":55}},"2":{"start":{"line":4,"column":0},"end":{"line":4,"column":46}},"3":{"start":{"line":8,"column":0},"end":{"line":8,"column":null}},"4":{"start":{"line":9,"column":4},"end":{"line":9,"column":null}},"5":{"start":{"line":10,"column":4},"end":{"line":10,"column":null}},"6":{"start":{"line":11,"column":4},"end":{"line":11,"column":null}},"7":{"start":{"line":12,"column":4},"end":{"line":12,"column":null}},"8":{"start":{"line":20,"column":65},"end":{"line":20,"column":67}},"9":{"start":{"line":33,"column":24},"end":{"line":33,"column":42}},"10":{"start":{"line":34,"column":34},"end":{"line":34,"column":60}},"11":{"start":{"line":35,"column":22},"end":{"line":35,"column":45}},"12":{"start":{"line":25,"column":12},"end":{"line":25,"column":32}},"13":{"start":{"line":27,"column":12},"end":{"line":27,"column":55}},"14":{"start":{"line":30,"column":12},"end":{"line":30,"column":66}},"15":{"start":{"line":31,"column":12},"end":{"line":31,"column":57}},"16":{"start":{"line":39,"column":8},"end":{"line":39,"column":26}},"17":{"start":{"line":40,"column":8},"end":{"line":40,"column":46}},"18":{"start":{"line":41,"column":8},"end":{"line":41,"column":52}},"19":{"start":{"line":42,"column":8},"end":{"line":42,"column":61}},"20":{"start":{"line":43,"column":8},"end":{"line":43,"column":44}},"21":{"start":{"line":47,"column":8},"end":{"line":47,"column":37}},"22":{"start":{"line":48,"column":8},"end":{"line":48,"column":35}},"23":{"start":{"line":49,"column":8},"end":{"line":49,"column":25}},"24":{"start":{"line":51,"column":24},"end":{"line":51,"column":39}},"25":{"start":{"line":52,"column":19},"end":{"line":52,"column":35}},"26":{"start":{"line":54,"column":8},"end":{"line":58,"column":null}},"27":{"start":{"line":55,"column":25},"end":{"line":55,"column":38}},"28":{"start":{"line":56,"column":12},"end":{"line":56,"column":27}},"29":{"start":{"line":57,"column":12},"end":{"line":57,"column":33}},"30":{"start":{"line":59,"column":8},"end":{"line":59,"column":29}},"31":{"start":{"line":60,"column":8},"end":{"line":60,"column":32}},"32":{"start":{"line":64,"column":24},"end":{"line":64,"column":39}},"33":{"start":{"line":65,"column":19},"end":{"line":65,"column":35}},"34":{"start":{"line":67,"column":8},"end":{"line":72,"column":null}},"35":{"start":{"line":68,"column":25},"end":{"line":68,"column":38}},"36":{"start":{"line":69,"column":12},"end":{"line":69,"column":27}},"37":{"start":{"line":70,"column":12},"end":{"line":70,"column":33}},"38":{"start":{"line":71,"column":12},"end":{"line":71,"column":33}},"39":{"start":{"line":74,"column":8},"end":{"line":74,"column":35}},"40":{"start":{"line":78,"column":8},"end":{"line":78,"column":58}},"41":{"start":{"line":82,"column":8},"end":{"line":82,"column":54}},"42":{"start":{"line":86,"column":21},"end":{"line":86,"column":40}},"43":{"start":{"line":87,"column":8},"end":{"line":87,"column":72}},"44":{"start":{"line":91,"column":21},"end":{"line":91,"column":43}},"45":{"start":{"line":92,"column":17},"end":{"line":92,"column":31}},"46":{"start":{"line":93,"column":8},"end":{"line":93,"column":30}},"47":{"start":{"line":94,"column":8},"end":{"line":94,"column":37}},"48":{"start":{"line":95,"column":8},"end":{"line":95,"column":22}},"49":{"start":{"line":99,"column":8},"end":{"line":99,"column":42}},"50":{"start":{"line":100,"column":8},"end":{"line":100,"column":31}},"51":{"start":{"line":101,"column":8},"end":{"line":101,"column":41}},"52":{"start":{"line":105,"column":8},"end":{"line":105,"column":41}},"53":{"start":{"line":109,"column":22},"end":{"line":109,"column":43}},"54":{"start":{"line":110,"column":8},"end":{"line":112,"column":null}},"55":{"start":{"line":111,"column":12},"end":{"line":111,"column":27}},"56":{"start":{"line":114,"column":25},"end":{"line":114,"column":55}},"57":{"start":{"line":115,"column":8},"end":{"line":117,"column":null}},"58":{"start":{"line":116,"column":12},"end":{"line":116,"column":61}},"59":{"start":{"line":119,"column":38},"end":{"line":119,"column":40}},"60":{"start":{"line":120,"column":22},"end":{"line":120,"column":31}},"61":{"start":{"line":122,"column":8},"end":{"line":144,"column":null}},"62":{"start":{"line":123,"column":23},"end":{"line":123,"column":43}},"63":{"start":{"line":126,"column":27},"end":{"line":126,"column":41}},"64":{"start":{"line":127,"column":12},"end":{"line":136,"column":null}},"65":{"start":{"line":128,"column":16},"end":{"line":128,"column":43}},"66":{"start":{"line":129,"column":19},"end":{"line":136,"column":null}},"67":{"start":{"line":130,"column":16},"end":{"line":130,"column":42}},"68":{"start":{"line":132,"column":31},"end":{"line":132,"column":45}},"69":{"start":{"line":133,"column":16},"end":{"line":135,"column":null}},"70":{"start":{"line":134,"column":20},"end":{"line":134,"column":45}},"71":{"start":{"line":138,"column":12},"end":{"line":143,"column":null}},"72":{"start":{"line":139,"column":16},"end":{"line":142,"column":19}},"73":{"start":{"line":146,"column":8},"end":{"line":146,"column":31}},"74":{"start":{"line":147,"column":8},"end":{"line":147,"column":40}},"75":{"start":{"line":149,"column":8},"end":{"line":153,"column":null}},"76":{"start":{"line":152,"column":12},"end":{"line":152,"column":53}},"77":{"start":{"line":155,"column":8},"end":{"line":155,"column":40}},"78":{"start":{"line":156,"column":8},"end":{"line":156,"column":23}},"79":{"start":{"line":160,"column":8},"end":{"line":160,"column":50}},"80":{"start":{"line":164,"column":8},"end":{"line":164,"column":55}},"81":{"start":{"line":168,"column":8},"end":{"line":168,"column":45}},"82":{"start":{"line":172,"column":8},"end":{"line":172,"column":40}},"83":{"start":{"line":176,"column":21},"end":{"line":176,"column":43}},"84":{"start":{"line":177,"column":8},"end":{"line":179,"column":null}},"85":{"start":{"line":178,"column":12},"end":{"line":178,"column":26}},"86":{"start":{"line":181,"column":8},"end":{"line":181,"column":56}},"87":{"start":{"line":182,"column":8},"end":{"line":182,"column":22}},"88":{"start":{"line":22,"column":0},"end":{"line":22,"column":13}}},"fnMap":{"0":{"name":"(anonymous_0)","decl":{"start":{"line":8,"column":0},"end":{"line":8,"column":12}},"loc":{"start":{"line":8,"column":25},"end":{"line":13,"column":1}}},"1":{"name":"(anonymous_1)","decl":{"start":{"line":33,"column":4},"end":{"line":33,"column":8}},"loc":{"start":{"line":33,"column":19},"end":{"line":33,"column":44}}},"2":{"name":"(anonymous_2)","decl":{"start":{"line":34,"column":4},"end":{"line":34,"column":8}},"loc":{"start":{"line":34,"column":29},"end":{"line":34,"column":62}}},"3":{"name":"(anonymous_3)","decl":{"start":{"line":35,"column":4},"end":{"line":35,"column":8}},"loc":{"start":{"line":35,"column":17},"end":{"line":35,"column":47}}},"4":{"name":"(anonymous_4)","decl":{"start":{"line":38,"column":4},"end":{"line":38,"column":16}},"loc":{"start":{"line":38,"column":38},"end":{"line":44,"column":5}}},"5":{"name":"(anonymous_5)","decl":{"start":{"line":46,"column":4},"end":{"line":46,"column":9}},"loc":{"start":{"line":46,"column":9},"end":{"line":61,"column":5}}},"6":{"name":"(anonymous_6)","decl":{"start":{"line":63,"column":4},"end":{"line":63,"column":9}},"loc":{"start":{"line":63,"column":9},"end":{"line":75,"column":5}}},"7":{"name":"(anonymous_7)","decl":{"start":{"line":77,"column":4},"end":{"line":77,"column":15}},"loc":{"start":{"line":77,"column":15},"end":{"line":79,"column":5}}},"8":{"name":"(anonymous_8)","decl":{"start":{"line":81,"column":4},"end":{"line":81,"column":7}},"loc":{"start":{"line":81,"column":21},"end":{"line":83,"column":5}}},"9":{"name":"(anonymous_9)","decl":{"start":{"line":85,"column":4},"end":{"line":85,"column":9}},"loc":{"start":{"line":85,"column":129},"end":{"line":88,"column":5}}},"10":{"name":"(anonymous_10)","decl":{"start":{"line":90,"column":4},"end":{"line":90,"column":10}},"loc":{"start":{"line":90,"column":10},"end":{"line":96,"column":5}}},"11":{"name":"(anonymous_11)","decl":{"start":{"line":98,"column":4},"end":{"line":98,"column":11}},"loc":{"start":{"line":98,"column":26},"end":{"line":102,"column":5}}},"12":{"name":"(anonymous_12)","decl":{"start":{"line":104,"column":4},"end":{"line":104,"column":12}},"loc":{"start":{"line":104,"column":12},"end":{"line":106,"column":5}}},"13":{"name":"(anonymous_13)","decl":{"start":{"line":108,"column":4},"end":{"line":108,"column":19}},"loc":{"start":{"line":108,"column":28},"end":{"line":157,"column":5}}},"14":{"name":"(anonymous_14)","decl":{"start":{"line":159,"column":4},"end":{"line":159,"column":21}},"loc":{"start":{"line":159,"column":55},"end":{"line":161,"column":5}}},"15":{"name":"(anonymous_15)","decl":{"start":{"line":163,"column":4},"end":{"line":163,"column":24}},"loc":{"start":{"line":163,"column":40},"end":{"line":165,"column":5}}},"16":{"name":"(anonymous_16)","decl":{"start":{"line":167,"column":4},"end":{"line":167,"column":21}},"loc":{"start":{"line":167,"column":34},"end":{"line":169,"column":5}}},"17":{"name":"(anonymous_17)","decl":{"start":{"line":171,"column":4},"end":{"line":171,"column":16}},"loc":{"start":{"line":171,"column":27},"end":{"line":173,"column":5}}},"18":{"name":"(anonymous_18)","decl":{"start":{"line":175,"column":4},"end":{"line":175,"column":13}},"loc":{"start":{"line":175,"column":24},"end":{"line":183,"column":5}}}},"branchMap":{"0":{"loc":{"start":{"line":8,"column":12},"end":{"line":8,"column":null}},"type":"binary-expr","locations":[{"start":{"line":8,"column":12},"end":{"line":8,"column":25}},{"start":{"line":8,"column":12},"end":{"line":8,"column":null}}]},"1":{"loc":{"start":{"line":87,"column":15},"end":{"line":87,"column":71}},"type":"cond-expr","locations":[{"start":{"line":87,"column":24},"end":{"line":87,"column":64}},{"start":{"line":87,"column":67},"end":{"line":87,"column":71}}]},"2":{"loc":{"start":{"line":110,"column":8},"end":{"line":112,"column":null}},"type":"if","locations":[{"start":{"line":110,"column":8},"end":{"line":112,"column":null}}]},"3":{"loc":{"start":{"line":115,"column":8},"end":{"line":117,"column":null}},"type":"if","locations":[{"start":{"line":115,"column":8},"end":{"line":117,"column":null}}]},"4":{"loc":{"start":{"line":127,"column":12},"end":{"line":136,"column":null}},"type":"if","locations":[{"start":{"line":127,"column":12},"end":{"line":136,"column":null}},{"start":{"line":129,"column":19},"end":{"line":136,"column":null}}]},"5":{"loc":{"start":{"line":129,"column":19},"end":{"line":136,"column":null}},"type":"if","locations":[{"start":{"line":129,"column":19},"end":{"line":136,"column":null}},{"start":{"line":131,"column":19},"end":{"line":136,"column":null}}]},"6":{"loc":{"start":{"line":133,"column":16},"end":{"line":135,"column":null}},"type":"if","locations":[{"start":{"line":133,"column":16},"end":{"line":135,"column":null}}]},"7":{"loc":{"start":{"line":138,"column":12},"end":{"line":143,"column":null}},"type":"if","locations":[{"start":{"line":138,"column":12},"end":{"line":143,"column":null}}]},"8":{"loc":{"start":{"line":149,"column":8},"end":{"line":153,"column":null}},"type":"if","locations":[{"start":{"line":149,"column":8},"end":{"line":153,"column":null}}]},"9":{"loc":{"start":{"line":177,"column":8},"end":{"line":179,"column":null}},"type":"if","locations":[{"start":{"line":177,"column":8},"end":{"line":179,"column":null}}]}},"s":{"0":1,"1":1,"2":1,"3":1,"4":1,"5":1,"6":1,"7":1,"8":1,"9":0,"10":1,"11":0,"12":1,"13":1,"14":1,"15":1,"16":1,"17":1,"18":1,"19":1,"20":1,"21":0,"22":0,"23":0,"24":0,"25":0,"26":0,"27":0,"28":0,"29":0,"30":0,"31":0,"32":0,"33":0,"34":0,"35":0,"36":0,"37":0,"38":0,"39":0,"40":0,"41":0,"42":0,"43":0,"44":1,"45":1,"46":1,"47":1,"48":1,"49":0,"50":0,"51":0,"52":0,"53":4,"54":4,"55":2,"56":2,"57":2,"58":1,"59":2,"60":2,"61":2,"62":5,"63":5,"64":5,"65":1,"66":4,"67":0,"68":4,"69":4,"70":0,"71":5,"72":1,"73":2,"74":2,"75":2,"76":0,"77":2,"78":2,"79":1,"80":2,"81":0,"82":0,"83":0,"84":0,"85":0,"86":0,"87":0,"88":1},"f":{"0":1,"1":0,"2":1,"3":0,"4":1,"5":0,"6":0,"7":0,"8":0,"9":0,"10":1,"11":0,"12":0,"13":4,"14":1,"15":2,"16":0,"17":0,"18":0},"b":{"0":[1,1],"1":[0,0],"2":[2],"3":[1],"4":[1,4],"5":[0,4],"6":[0],"7":[1],"8":[0],"9":[0]}}
,"E:\\ProjectRoot\\UniverseTS\\TsProject\\src\\framework\\core\\ECS\\EntityGroup.ts": {"path":"E:\\ProjectRoot\\UniverseTS\\TsProject\\src\\framework\\core\\ECS\\EntityGroup.ts","statementMap":{"0":{"start":{"line":2,"column":0},"end":{"line":2,"column":36}},"1":{"start":{"line":6,"column":4},"end":{"line":8,"column":null}},"2":{"start":{"line":7,"column":8},"end":{"line":7,"column":17}},"3":{"start":{"line":9,"column":4},"end":{"line":11,"column":null}},"4":{"start":{"line":10,"column":8},"end":{"line":10,"column":18}},"5":{"start":{"line":12,"column":4},"end":{"line":12,"column":23}},"6":{"start":{"line":16,"column":26},"end":{"line":16,"column":28}},"7":{"start":{"line":18,"column":4},"end":{"line":18,"column":25}},"8":{"start":{"line":20,"column":16},"end":{"line":20,"column":26}},"9":{"start":{"line":21,"column":4},"end":{"line":25,"column":null}},"10":{"start":{"line":21,"column":17},"end":{"line":21,"column":18}},"11":{"start":{"line":22,"column":8},"end":{"line":24,"column":null}},"12":{"start":{"line":23,"column":12},"end":{"line":23,"column":30}},"13":{"start":{"line":27,"column":24},"end":{"line":27,"column":25}},"14":{"start":{"line":28,"column":23},"end":{"line":28,"column":47}},"15":{"start":{"line":29,"column":4},"end":{"line":37,"column":null}},"16":{"start":{"line":29,"column":17},"end":{"line":29,"column":29}},"17":{"start":{"line":30,"column":18},"end":{"line":30,"column":24}},"18":{"start":{"line":31,"column":8},"end":{"line":33,"column":null}},"19":{"start":{"line":32,"column":12},"end":{"line":32,"column":21}},"20":{"start":{"line":35,"column":24},"end":{"line":35,"column":50}},"21":{"start":{"line":36,"column":8},"end":{"line":36,"column":29}},"22":{"start":{"line":39,"column":4},"end":{"line":39,"column":30}},"23":{"start":{"line":40,"column":4},"end":{"line":40,"column":28}},"24":{"start":{"line":44,"column":4},"end":{"line":46,"column":null}},"25":{"start":{"line":45,"column":8},"end":{"line":45,"column":24}},"26":{"start":{"line":60,"column":26},"end":{"line":60,"column":44}},"27":{"start":{"line":61,"column":29},"end":{"line":61,"column":50}},"28":{"start":{"line":62,"column":32},"end":{"line":62,"column":57}},"29":{"start":{"line":63,"column":36},"end":{"line":63,"column":63}},"30":{"start":{"line":64,"column":38},"end":{"line":64,"column":67}},"31":{"start":{"line":51,"column":12},"end":{"line":51,"column":37}},"32":{"start":{"line":52,"column":12},"end":{"line":52,"column":37}},"33":{"start":{"line":53,"column":12},"end":{"line":53,"column":60}},"34":{"start":{"line":54,"column":12},"end":{"line":54,"column":42}},"35":{"start":{"line":55,"column":12},"end":{"line":55,"column":44}},"36":{"start":{"line":56,"column":12},"end":{"line":56,"column":35}},"37":{"start":{"line":57,"column":12},"end":{"line":57,"column":39}},"38":{"start":{"line":67,"column":8},"end":{"line":67,"column":40}},"39":{"start":{"line":68,"column":8},"end":{"line":68,"column":54}},"40":{"start":{"line":72,"column":8},"end":{"line":72,"column":34}},"41":{"start":{"line":73,"column":8},"end":{"line":73,"column":30}},"42":{"start":{"line":74,"column":8},"end":{"line":74,"column":40}},"43":{"start":{"line":75,"column":8},"end":{"line":75,"column":31}},"44":{"start":{"line":76,"column":8},"end":{"line":76,"column":39}},"45":{"start":{"line":77,"column":8},"end":{"line":77,"column":41}},"46":{"start":{"line":81,"column":8},"end":{"line":81,"column":21}},"47":{"start":{"line":85,"column":8},"end":{"line":87,"column":null}},"48":{"start":{"line":86,"column":12},"end":{"line":86,"column":32}},"49":{"start":{"line":89,"column":23},"end":{"line":89,"column":37}},"50":{"start":{"line":90,"column":8},"end":{"line":96,"column":null}},"51":{"start":{"line":90,"column":21},"end":{"line":90,"column":22}},"52":{"start":{"line":91,"column":25},"end":{"line":91,"column":36}},"53":{"start":{"line":92,"column":12},"end":{"line":94,"column":null}},"54":{"start":{"line":93,"column":16},"end":{"line":93,"column":25}},"55":{"start":{"line":95,"column":12},"end":{"line":95,"column":43}},"56":{"start":{"line":100,"column":8},"end":{"line":102,"column":null}},"57":{"start":{"line":101,"column":12},"end":{"line":101,"column":32}},"58":{"start":{"line":104,"column":8},"end":{"line":104,"column":46}},"59":{"start":{"line":108,"column":8},"end":{"line":108,"column":50}},"60":{"start":{"line":112,"column":8},"end":{"line":112,"column":53}},"61":{"start":{"line":116,"column":21},"end":{"line":116,"column":48}},"62":{"start":{"line":117,"column":8},"end":{"line":117,"column":54}},"63":{"start":{"line":118,"column":8},"end":{"line":118,"column":41}},"64":{"start":{"line":119,"column":8},"end":{"line":119,"column":28}},"65":{"start":{"line":121,"column":8},"end":{"line":123,"column":null}},"66":{"start":{"line":122,"column":12},"end":{"line":122,"column":19}},"67":{"start":{"line":125,"column":8},"end":{"line":125,"column":60}},"68":{"start":{"line":129,"column":8},"end":{"line":129,"column":28}},"69":{"start":{"line":130,"column":23},"end":{"line":130,"column":32}},"70":{"start":{"line":131,"column":23},"end":{"line":131,"column":37}},"71":{"start":{"line":132,"column":24},"end":{"line":132,"column":45}},"72":{"start":{"line":134,"column":20},"end":{"line":134,"column":39}},"73":{"start":{"line":135,"column":8},"end":{"line":135,"column":31}},"74":{"start":{"line":136,"column":8},"end":{"line":136,"column":35}},"75":{"start":{"line":138,"column":8},"end":{"line":138,"column":43}},"76":{"start":{"line":142,"column":23},"end":{"line":142,"column":37}},"77":{"start":{"line":143,"column":8},"end":{"line":145,"column":null}},"78":{"start":{"line":144,"column":12},"end":{"line":144,"column":19}},"79":{"start":{"line":147,"column":8},"end":{"line":147,"column":26}},"80":{"start":{"line":148,"column":8},"end":{"line":151,"column":null}},"81":{"start":{"line":149,"column":12},"end":{"line":149,"column":29}},"82":{"start":{"line":150,"column":12},"end":{"line":150,"column":47}},"83":{"start":{"line":153,"column":8},"end":{"line":153,"column":34}},"84":{"start":{"line":154,"column":8},"end":{"line":154,"column":40}},"85":{"start":{"line":155,"column":8},"end":{"line":155,"column":31}},"86":{"start":{"line":156,"column":8},"end":{"line":156,"column":39}},"87":{"start":{"line":157,"column":8},"end":{"line":157,"column":30}},"88":{"start":{"line":159,"column":8},"end":{"line":159,"column":27}},"89":{"start":{"line":163,"column":8},"end":{"line":163,"column":39}},"90":{"start":{"line":164,"column":8},"end":{"line":164,"column":41}},"91":{"start":{"line":165,"column":8},"end":{"line":167,"column":null}},"92":{"start":{"line":166,"column":12},"end":{"line":166,"column":32}},"93":{"start":{"line":171,"column":23},"end":{"line":171,"column":53}},"94":{"start":{"line":172,"column":24},"end":{"line":172,"column":45}},"95":{"start":{"line":173,"column":8},"end":{"line":173,"column":28}},"96":{"start":{"line":175,"column":20},"end":{"line":175,"column":35}},"97":{"start":{"line":176,"column":8},"end":{"line":181,"column":null}},"98":{"start":{"line":176,"column":21},"end":{"line":176,"column":22}},"99":{"start":{"line":177,"column":25},"end":{"line":177,"column":36}},"100":{"start":{"line":178,"column":12},"end":{"line":180,"column":null}},"101":{"start":{"line":179,"column":16},"end":{"line":179,"column":41}},"102":{"start":{"line":183,"column":8},"end":{"line":183,"column":31}},"103":{"start":{"line":187,"column":23},"end":{"line":187,"column":37}},"104":{"start":{"line":188,"column":20},"end":{"line":188,"column":35}},"105":{"start":{"line":189,"column":8},"end":{"line":194,"column":null}},"106":{"start":{"line":189,"column":21},"end":{"line":189,"column":30}},"107":{"start":{"line":190,"column":25},"end":{"line":190,"column":36}},"108":{"start":{"line":191,"column":12},"end":{"line":193,"column":null}},"109":{"start":{"line":192,"column":16},"end":{"line":192,"column":33}},"110":{"start":{"line":195,"column":8},"end":{"line":195,"column":17}},"111":{"start":{"line":49,"column":0},"end":{"line":49,"column":13}},"112":{"start":{"line":200,"column":12},"end":{"line":200,"column":40}},"113":{"start":{"line":203,"column":8},"end":{"line":203,"column":30}},"114":{"start":{"line":206,"column":19},"end":{"line":206,"column":39}},"115":{"start":{"line":209,"column":8},"end":{"line":213,"column":null}},"116":{"start":{"line":210,"column":12},"end":{"line":212,"column":null}},"117":{"start":{"line":211,"column":16},"end":{"line":211,"column":28}},"118":{"start":{"line":214,"column":8},"end":{"line":214,"column":21}},"119":{"start":{"line":199,"column":0},"end":{"line":199,"column":13}},"120":{"start":{"line":222,"column":8},"end":{"line":222,"column":28}},"121":{"start":{"line":225,"column":18},"end":{"line":225,"column":37}},"122":{"start":{"line":226,"column":18},"end":{"line":226,"column":49}},"123":{"start":{"line":229,"column":8},"end":{"line":229,"column":47}},"124":{"start":{"line":233,"column":8},"end":{"line":233,"column":47}},"125":{"start":{"line":237,"column":8},"end":{"line":237,"column":57}},"126":{"start":{"line":241,"column":8},"end":{"line":241,"column":59}},"127":{"start":{"line":218,"column":0},"end":{"line":218,"column":13}}},"fnMap":{"0":{"name":"entityCmp","decl":{"start":{"line":5,"column":9},"end":{"line":5,"column":18}},"loc":{"start":{"line":5,"column":39},"end":{"line":13,"column":1}}},"1":{"name":"fastRemoveUndefineInArray","decl":{"start":{"line":17,"column":9},"end":{"line":17,"column":34}},"loc":{"start":{"line":17,"column":45},"end":{"line":41,"column":1}}},"2":{"name":"clearMap","decl":{"start":{"line":43,"column":9},"end":{"line":43,"column":17}},"loc":{"start":{"line":43,"column":26},"end":{"line":47,"column":1}}},"3":{"name":"(anonymous_3)","decl":{"start":{"line":60,"column":4},"end":{"line":60,"column":8}},"loc":{"start":{"line":60,"column":12},"end":{"line":60,"column":46}}},"4":{"name":"(anonymous_4)","decl":{"start":{"line":61,"column":4},"end":{"line":61,"column":8}},"loc":{"start":{"line":61,"column":15},"end":{"line":61,"column":52}}},"5":{"name":"(anonymous_5)","decl":{"start":{"line":62,"column":4},"end":{"line":62,"column":8}},"loc":{"start":{"line":62,"column":19},"end":{"line":62,"column":59}}},"6":{"name":"(anonymous_6)","decl":{"start":{"line":63,"column":4},"end":{"line":63,"column":8}},"loc":{"start":{"line":63,"column":21},"end":{"line":63,"column":65}}},"7":{"name":"(anonymous_7)","decl":{"start":{"line":64,"column":4},"end":{"line":64,"column":8}},"loc":{"start":{"line":64,"column":23},"end":{"line":64,"column":69}}},"8":{"name":"(anonymous_8)","decl":{"start":{"line":66,"column":4},"end":{"line":66,"column":16}},"loc":{"start":{"line":66,"column":62},"end":{"line":69,"column":5}}},"9":{"name":"(anonymous_9)","decl":{"start":{"line":71,"column":4},"end":{"line":71,"column":9}},"loc":{"start":{"line":71,"column":9},"end":{"line":78,"column":5}}},"10":{"name":"(anonymous_10)","decl":{"start":{"line":80,"column":4},"end":{"line":80,"column":9}},"loc":{"start":{"line":80,"column":9},"end":{"line":82,"column":5}}},"11":{"name":"(anonymous_11)","decl":{"start":{"line":84,"column":4},"end":{"line":84,"column":11}},"loc":{"start":{"line":84,"column":86},"end":{"line":97,"column":5}}},"12":{"name":"(anonymous_12)","decl":{"start":{"line":99,"column":4},"end":{"line":99,"column":18}},"loc":{"start":{"line":99,"column":18},"end":{"line":105,"column":5}}},"13":{"name":"(anonymous_13)","decl":{"start":{"line":107,"column":4},"end":{"line":107,"column":9}},"loc":{"start":{"line":107,"column":9},"end":{"line":109,"column":5}}},"14":{"name":"(anonymous_14)","decl":{"start":{"line":111,"column":4},"end":{"line":111,"column":11}},"loc":{"start":{"line":111,"column":11},"end":{"line":113,"column":5}}},"15":{"name":"(anonymous_15)","decl":{"start":{"line":115,"column":4},"end":{"line":115,"column":7}},"loc":{"start":{"line":115,"column":22},"end":{"line":126,"column":5}}},"16":{"name":"(anonymous_16)","decl":{"start":{"line":128,"column":4},"end":{"line":128,"column":7}},"loc":{"start":{"line":128,"column":22},"end":{"line":139,"column":5}}},"17":{"name":"(anonymous_17)","decl":{"start":{"line":141,"column":4},"end":{"line":141,"column":10}},"loc":{"start":{"line":141,"column":10},"end":{"line":160,"column":5}}},"18":{"name":"(anonymous_18)","decl":{"start":{"line":162,"column":4},"end":{"line":162,"column":15}},"loc":{"start":{"line":162,"column":15},"end":{"line":168,"column":5}}},"19":{"name":"(anonymous_19)","decl":{"start":{"line":170,"column":12},"end":{"line":170,"column":24}},"loc":{"start":{"line":170,"column":24},"end":{"line":184,"column":5}}},"20":{"name":"(anonymous_20)","decl":{"start":{"line":186,"column":12},"end":{"line":186,"column":27}},"loc":{"start":{"line":186,"column":27},"end":{"line":196,"column":5}}},"21":{"name":"(anonymous_21)","decl":{"start":{"line":202,"column":4},"end":{"line":202,"column":16}},"loc":{"start":{"line":202,"column":37},"end":{"line":204,"column":5}}},"22":{"name":"(anonymous_22)","decl":{"start":{"line":206,"column":4},"end":{"line":206,"column":8}},"loc":{"start":{"line":206,"column":14},"end":{"line":206,"column":41}}},"23":{"name":"(anonymous_23)","decl":{"start":{"line":208,"column":4},"end":{"line":208,"column":13}},"loc":{"start":{"line":208,"column":13},"end":{"line":215,"column":5}}},"24":{"name":"(anonymous_24)","decl":{"start":{"line":221,"column":4},"end":{"line":221,"column":8}},"loc":{"start":{"line":221,"column":27},"end":{"line":223,"column":5}}},"25":{"name":"(anonymous_25)","decl":{"start":{"line":225,"column":4},"end":{"line":225,"column":8}},"loc":{"start":{"line":225,"column":13},"end":{"line":225,"column":39}}},"26":{"name":"(anonymous_26)","decl":{"start":{"line":226,"column":4},"end":{"line":226,"column":8}},"loc":{"start":{"line":226,"column":13},"end":{"line":226,"column":51}}},"27":{"name":"(anonymous_27)","decl":{"start":{"line":228,"column":4},"end":{"line":228,"column":11}},"loc":{"start":{"line":228,"column":83},"end":{"line":230,"column":5}}},"28":{"name":"(anonymous_28)","decl":{"start":{"line":232,"column":4},"end":{"line":232,"column":18}},"loc":{"start":{"lin
[...]
,"E:\\ProjectRoot\\UniverseTS\\TsProject\\src\\framework\\core\\ECS\\GroupContext.ts": {"path":"E:\\ProjectRoot\\UniverseTS\\TsProject\\src\\framework\\core\\ECS\\GroupContext.ts","statementMap":{"0":{"start":{"line":1,"column":0},"end":{"line":1,"column":64}},"1":{"start":{"line":4,"column":0},"end":{"line":4,"column":36}},"2":{"start":{"line":5,"column":0},"end":{"line":5,"column":44}},"3":{"start":{"line":9,"column":4},"end":{"line":9,"column":31}},"4":{"start":{"line":12,"column":8},"end":{"line":12,"column":37}},"5":{"start":{"line":13,"column":8},"end":{"line":13,"column":37}},"6":{"start":{"line":24,"column":26},"end":{"line":24,"column":49}},"7":{"start":{"line":25,"column":26},"end":{"line":25,"column":54}},"8":{"start":{"line":19,"column":14},"end":{"line":19,"column":66}},"9":{"start":{"line":20,"column":14},"end":{"line":20,"column":72}},"10":{"start":{"line":22,"column":14},"end":{"line":22,"column":81}},"11":{"start":{"line":28,"column":8},"end":{"line":28,"column":36}},"12":{"start":{"line":29,"column":8},"end":{"line":29,"column":44}},"13":{"start":{"line":33,"column":23},"end":{"line":33,"column":43}},"14":{"start":{"line":34,"column":8},"end":{"line":37,"column":null}},"15":{"start":{"line":35,"column":24},"end":{"line":35,"column":36}},"16":{"start":{"line":36,"column":12},"end":{"line":36,"column":26}},"17":{"start":{"line":41,"column":23},"end":{"line":41,"column":43}},"18":{"start":{"line":42,"column":8},"end":{"line":45,"column":null}},"19":{"start":{"line":43,"column":24},"end":{"line":43,"column":36}},"20":{"start":{"line":44,"column":12},"end":{"line":44,"column":26}},"21":{"start":{"line":49,"column":8},"end":{"line":49,"column":49}},"22":{"start":{"line":53,"column":20},"end":{"line":53,"column":53}},"23":{"start":{"line":54,"column":8},"end":{"line":56,"column":null}},"24":{"start":{"line":55,"column":12},"end":{"line":55,"column":25}},"25":{"start":{"line":58,"column":8},"end":{"line":58,"column":61}},"26":{"start":{"line":59,"column":8},"end":{"line":59,"column":50}},"27":{"start":{"line":61,"column":24},"end":{"line":61,"column":49}},"28":{"start":{"line":62,"column":23},"end":{"line":62,"column":42}},"29":{"start":{"line":63,"column":8},"end":{"line":68,"column":null}},"30":{"start":{"line":64,"column":25},"end":{"line":64,"column":39}},"31":{"start":{"line":65,"column":12},"end":{"line":67,"column":null}},"32":{"start":{"line":66,"column":16},"end":{"line":66,"column":34}},"33":{"start":{"line":71,"column":28},"end":{"line":71,"column":54}},"34":{"start":{"line":72,"column":8},"end":{"line":77,"column":null}},"35":{"start":{"line":73,"column":30},"end":{"line":73,"column":60}},"36":{"start":{"line":74,"column":12},"end":{"line":76,"column":null}},"37":{"start":{"line":75,"column":16},"end":{"line":75,"column":47}},"38":{"start":{"line":79,"column":8},"end":{"line":79,"column":21}},"39":{"start":{"line":83,"column":21},"end":{"line":83,"column":59}},"40":{"start":{"line":84,"column":8},"end":{"line":86,"column":null}},"41":{"start":{"line":85,"column":12},"end":{"line":85,"column":26}},"42":{"start":{"line":88,"column":19},"end":{"line":88,"column":23}},"43":{"start":{"line":89,"column":21},"end":{"line":89,"column":91}},"44":{"start":{"line":89,"column":56},"end":{"line":89,"column":90}},"45":{"start":{"line":90,"column":8},"end":{"line":90,"column":89}},"46":{"start":{"line":91,"column":8},"end":{"line":91,"column":22}},"47":{"start":{"line":95,"column":28},"end":{"line":95,"column":70}},"48":{"start":{"line":96,"column":8},"end":{"line":96,"column":60}},"49":{"start":{"line":98,"column":24},"end":{"line":98,"column":63}},"50":{"start":{"line":99,"column":8},"end":{"line":104,"column":null}},"51":{"start":{"line":100,"column":12},"end":{"line":102,"column":null}},"52":{"start":{"line":101,"column":16},"end":{"line":101,"column":25}},"53":{"start":{"line":103,"column":12},"end":{"line":103,"column":30}},"54":{"start":{"line":106,"column":24},"end":{"line":106,"column":64}},"55":{"start":{"line":107,"column":8},"end":{"line":115,"column":null}},"56":{"start":{"line":108,"column":12},"end":{"line":110,"column":null}},"57":{"start":{"line":109,"column":16},"end":{"line":109,"column":25}},"58":{"start":{"line":111,"column":12},"end":{"line":113,"column":null}},"59":{"start":{"line":112,"column":16},"end":{"line":112,"column":25}},"60":{"start":{"line":114,"column":12},"end":{"line":114,"column":30}},"61":{"start":{"line":119,"column":29},"end":{"line":119,"column":49}},"62":{"start":{"line":120,"column":8},"end":{"line":123,"column":null}},"63":{"start":{"line":121,"column":24},"end":{"line":121,"column":43}},"64":{"start":{"line":122,"column":12},"end":{"line":122,"column":32}},"65":{"start":{"line":127,"column":26},"end":{"line":127,"column":65}},"66":{"start":{"line":128,"column":8},"end":{"line":130,"column":null}},"67":{"start":{"line":129,"column":12},"end":{"line":129,"column":31}},"68":{"start":{"line":132,"column":8},"end":{"line":132,"column":89}},"69":{"start":{"line":133,"column":29},"end":{"line":133,"column":49}},"70":{"start":{"line":134,"column":8},"end":{"line":140,"column":null}},"71":{"start":{"line":135,"column":29},"end":{"line":135,"column":58}},"72":{"start":{"line":136,"column":31},"end":{"line":136,"column":49}},"73":{"start":{"line":137,"column":12},"end":{"line":139,"column":null}},"74":{"start":{"line":138,"column":16},"end":{"line":138,"column":52}},"75":{"start":{"line":142,"column":8},"end":{"line":142,"column":27}},"76":{"start":{"line":148,"column":8},"end":{"line":148,"column":36}},"77":{"start":{"line":152,"column":22},"end":{"line":152,"column":64}},"78":{"start":{"line":153,"column":8},"end":{"line":153,"column":24}},"79":{"start":{"line":155,"column":18},"end":{"line":155,"column":33}},"80":{"start":{"line":156,"column":8},"end":{"line":160,"column":null}},"81":{"start":{"line":157,"column":12},"end":{"line":159,"column":null}},"82":{"start":{"line":158,"column":16},"end":{"line":158,"column":54}},"83":{"start":{"line":161,"column":8},"end":{"line":161,"column":50}},"84":{"start":{"line":146,"column":0},"end":{"line":146,"column":13}}},"fnMap":{"0":{"name":"(anonymous_0)","decl":{"start":{"line":11,"column":4},"end":{"line":11,"column":16}},"loc":{"start":{"line":11,"column":32},"end":{"line":14,"column":5}}},"1":{"name":"(anonymous_1)","decl":{"start":{"line":24,"column":4},"end":{"line":24,"column":8}},"loc":{"start":{"line":24,"column":21},"end":{"line":24,"column":51}}},"2":{"name":"(anonymous_2)","decl":{"start":{"line":25,"column":4},"end":{"line":25,"column":8}},"loc":{"start":{"line":25,"column":21},"end":{"line":25,"column":56}}},"3":{"name":"(anonymous_3)","decl":{"start":{"line":27,"column":4},"end":{"line":27,"column":16}},"loc":{"start":{"line":27,"column":63},"end":{"line":30,"column":5}}},"4":{"name":"(anonymous_4)","decl":{"start":{"line":32,"column":4},"end":{"line":32,"column":9}},"loc":{"start":{"line":32,"column":9},"end":{"line":38,"column":5}}},"5":{"name":"(anonymous_5)","decl":{"start":{"line":40,"column":4},"end":{"line":40,"column":9}},"loc":{"start":{"line":40,"column":9},"end":{"line":46,"column":5}}},"6":{"name":"(anonymous_6)","decl":{"start":{"line":48,"column":4},"end":{"line":48,"column":16}},"loc":{"start":{"line":48,"column":33},"end":{"line":50,"column":5}}},"7":{"name":"(anonymous_7)","decl":{"start":{"line":52,"column":4},"end":{"line":52,"column":24}},"loc":{"start":{"line":52,"column":41},"end":{"line":80,"column":5}}},"8":{"name":"(anonymous_8)","decl":{"start":{"line":82,"column":4},"end":{"line":82,"column":18}},"loc":{"start":{"line":82,"column":56},"end":{"line":92,"column":5}}},"9":{"name":"(anonymous_9)","decl":{"start":{"line":89,"column":34},"end":{"line":89,"column":35}},"loc":{"start":{"line":89,"column":56},"end":{"line":89,"column":90}}},"10":{"name":"(anonymous_10)","decl":{"start":{"line":94,"column":4},"end":{"line":94,"column":21}},"loc":{"start":{"line":94,"column":79},"end":{"line":116,"column":5}}},"11":{"name":"(anonymous_11)","decl":{"start":{"line":118,"column":4},"end":{"line":118,"column":15}},"loc":{"start":{"line":118,"column":15},"end":{"line":124,"column":5}}},"12":{"name":"(anonymous_12)","decl":{"start":{"line":126,"column":12},"end":{"line":126,"column":34}},"loc":{"start":{"line":126,"column":51},"end":{"line":143,"column":5}}},"13":{"name":"(anonymous_13)","decl":{"start":{"line":147,"column":4},"end":{"line":147,"column":16}},"loc":{"start":{"line":147,"column":40},"end":{"line":149,"column":5}}},"14":{"name":"(anonymous_14)","decl":{"start":{"line":151,"column":4},"end":{"line":151,"column":10}},"loc":{"start":{"line":151,"column":28},"end":{"line":162,"column":5}}}},"branchMap":{"0":{"loc":{"start":{"line":54,"column":8},"end":{"line":56,"column":null}},"type":"if","locations":[{"start":{"line":54,"column":8},"end":{"line":56,"column":null}}]},"1":{"loc":{"start":{"line":65,"column":12},"end":{"line":67,"column":null}},"type":"if","locations":[{"start":{"line":65,"column":12},"end":{"line":67,"column":null}}]},"2":{"loc":{"start":{"line":74,"column":12},"end":{"line":76,"column":null}},"type":"if","locations":[{"start":{"line":74,"column":12},"end":{"line":76,"column":null}}]},"3":{"loc":{"start":{"line":84,"column":8},"end":{"line":86,"column":null}},"type":"if","locations":[{"start":{"line":84,"column":8},"end":{"line":86,"column":null}}]},"4":{"loc":{"start":{"line":100,"column":12},"end":{"line":102,"column":null}},"type":"if","locations":[{"start":{"line":100,"column":12},"end":{"line":102,"column":null}}]},"5":{"loc":{"start":{"line":108,"column":12},"end":{"line":110,"column":null}},"type":"if","locations":[{"start":{"line":108,"column":12},"end":{"line":110,"column":null}}]},"6":{"loc":{"start":{"line":111,"column":12},"end":{"line":113,"column":null}},"type":"if","locations":[{"start":{"line":111,"column":12},"end":{"line":113,"column":null}}]},"7":{"loc":{"start":{"line":128,"column":8},"end":{"line":130,"column":null}},"type":"if","locations":[{"start":{"line":128,"column":8},"end":{"line":130,"column":null}}]},"8":{"loc":{"start":{"line":137,"column":12},"end":{"line":139,"column":null}},"type":"if","locations":[{"start":{"line":137,"column":12},"end":{"line":139,"column":null}}]},"9":{"loc":{"start":{"line":157,"column":12},"end":{"line":159,"column":null}},"type":"if","locations":[{"start":{"line":157,"column":12},"end":{"line":159,"column":null}}]}},"s":{"0":1,"1":1,"2":1,"3":2,"4":2,"5":2,"6":0,"7":0,"8":1,"9":1,"10":1,"11":1,"12":1,"13":0,"14":0,"15":0,"16":0,"17":0,"18":0,"19":0,"20":0,"21":0,"22":0,"23":0,"24":0,"25":0,"26":0,"27":0,"28":0,"29":0,"30":0,"31":0,"32":0,"33":0,"34":0,"35":0,"36":0,"37":0,"38":0,"39":0,"40":0,"41":0,"42":0,"43":0,"44":0,"45":0,"46":0,"47":1,"48":1,"49":1,"50":1,"51":0,"52":0,"53":0,"54":1,"55":1,"56":0,"57":0,"58":0,"59":0,"60":0,"61":0,"62":0,"63":0,"64":0,"65":2,"66":2,"67":0,"68":2,"69":2,"70":2,"71":0,"72":0,"73":0,"74":0,"75":2,"76":1,"77":0,"78":0,"79":0,"80":0,"81":0,"82":0,"83":0,"84":1},"f":{"0":2,"1":0,"2":0,"3":1,"4":0,"5":0,"6":0,"7":0,"8":0,"9":0,"10":1,"11":0,"12":2,"13":1,"14":0},"b":{"0":[0],"1":[0],"2":[0],"3":[0],"4":[0],"5":[0],"6":[0],"7":[0],"8":[0],"9":[0]}}
,"E:\\ProjectRoot\\UniverseTS\\TsProject\\src\\framework\\core\\ECS\\GroupID.ts": {"path":"E:\\ProjectRoot\\UniverseTS\\TsProject\\src\\framework\\core\\ECS\\GroupID.ts","statementMap":{"0":{"start":{"line":7,"column":8},"end":{"line":7,"column":21}},"1":{"start":{"line":11,"column":8},"end":{"line":11,"column":33}},"2":{"start":{"line":12,"column":8},"end":{"line":12,"column":33}},"3":{"start":{"line":13,"column":8},"end":{"line":13,"column":33}},"4":{"start":{"line":14,"column":8},"end":{"line":14,"column":31}},"5":{"start":{"line":15,"column":8},"end":{"line":15,"column":20}},"6":{"start":{"line":19,"column":8},"end":{"line":19,"column":45}},"7":{"start":{"line":20,"column":8},"end":{"line":20,"column":22}},"8":{"start":{"line":21,"column":8},"end":{"line":21,"column":20}},"9":{"start":{"line":25,"column":8},"end":{"line":25,"column":92}},"10":{"start":{"line":29,"column":8},"end":{"line":38,"column":null}},"11":{"start":{"line":30,"column":12},"end":{"line":30,"column":37}},"12":{"start":{"line":31,"column":15},"end":{"line":38,"column":null}},"13":{"start":{"line":32,"column":12},"end":{"line":32,"column":22}},"14":{"start":{"line":33,"column":12},"end":{"line":33,"column":37}},"15":{"start":{"line":36,"column":12},"end":{"line":36,"column":22}},"16":{"start":{"line":37,"column":12},"end":{"line":37,"column":37}},"17":{"start":{"line":39,"column":8},"end":{"line":39,"column":23}},"18":{"start":{"line":43,"column":8},"end":{"line":53,"column":null}},"19":{"start":{"line":44,"column":12},"end":{"line":44,"column":36}},"20":{"start":{"line":45,"column":15},"end":{"line":53,"column":null}},"21":{"start":{"line":46,"column":12},"end":{"line":46,"column":22}},"22":{"start":{"line":47,"column":12},"end":{"line":47,"column":34}},"23":{"start":{"line":51,"column":12},"end":{"line":51,"column":22}},"24":{"start":{"line":52,"column":12},"end":{"line":52,"column":34}},"25":{"start":{"line":54,"column":8},"end":{"line":54,"column":23}},"26":{"start":{"line":55,"column":8},"end":{"line":55,"column":20}},"27":{"start":{"line":59,"column":8},"end":{"line":59,"column":131}},"28":{"start":{"line":63,"column":8},"end":{"line":65,"column":null}},"29":{"start":{"line":64,"column":12},"end":{"line":64,"column":46}},"30":{"start":{"line":66,"column":8},"end":{"line":69,"column":null}},"31":{"start":{"line":67,"column":12},"end":{"line":67,"column":22}},"32":{"start":{"line":68,"column":12},"end":{"line":68,"column":46}},"33":{"start":{"line":70,"column":8},"end":{"line":70,"column":18}},"34":{"start":{"line":71,"column":8},"end":{"line":71,"column":42}},"35":{"start":{"line":75,"column":8},"end":{"line":75,"column":45}},"36":{"start":{"line":76,"column":8},"end":{"line":76,"column":45}},"37":{"start":{"line":77,"column":8},"end":{"line":77,"column":45}},"38":{"start":{"line":78,"column":8},"end":{"line":78,"column":25}},"39":{"start":{"line":82,"column":8},"end":{"line":82,"column":63}},"40":{"start":{"line":1,"column":0},"end":{"line":1,"column":13}}},"fnMap":{"0":{"name":"(anonymous_0)","decl":{"start":{"line":6,"column":4},"end":{"line":6,"column":null}},"loc":{"start":{"line":6,"column":4},"end":{"line":8,"column":5}}},"1":{"name":"(anonymous_1)","decl":{"start":{"line":10,"column":4},"end":{"line":10,"column":10}},"loc":{"start":{"line":10,"column":27},"end":{"line":16,"column":5}}},"2":{"name":"(anonymous_2)","decl":{"start":{"line":18,"column":4},"end":{"line":18,"column":9}},"loc":{"start":{"line":18,"column":9},"end":{"line":22,"column":5}}},"3":{"name":"(anonymous_3)","decl":{"start":{"line":24,"column":4},"end":{"line":24,"column":9}},"loc":{"start":{"line":24,"column":24},"end":{"line":26,"column":5}}},"4":{"name":"(anonymous_4)","decl":{"start":{"line":28,"column":4},"end":{"line":28,"column":9}},"loc":{"start":{"line":28,"column":21},"end":{"line":40,"column":5}}},"5":{"name":"(anonymous_5)","decl":{"start":{"line":42,"column":4},"end":{"line":42,"column":7}},"loc":{"start":{"line":42,"column":19},"end":{"line":56,"column":5}}},"6":{"name":"(anonymous_6)","decl":{"start":{"line":58,"column":4},"end":{"line":58,"column":11}},"loc":{"start":{"line":58,"column":25},"end":{"line":60,"column":5}}},"7":{"name":"(anonymous_7)","decl":{"start":{"line":62,"column":4},"end":{"line":62,"column":7}},"loc":{"start":{"line":62,"column":19},"end":{"line":72,"column":5}}},"8":{"name":"(anonymous_8)","decl":{"start":{"line":74,"column":4},"end":{"line":74,"column":16}},"loc":{"start":{"line":74,"column":48},"end":{"line":79,"column":5}}},"9":{"name":"(anonymous_9)","decl":{"start":{"line":81,"column":12},"end":{"line":81,"column":19}},"loc":{"start":{"line":81,"column":19},"end":{"line":83,"column":5}}}},"branchMap":{"0":{"loc":{"start":{"line":25,"column":15},"end":{"line":25,"column":91}},"type":"binary-expr","locations":[{"start":{"line":25,"column":15},"end":{"line":25,"column":38}},{"start":{"line":25,"column":42},"end":{"line":25,"column":65}},{"start":{"line":25,"column":69},"end":{"line":25,"column":91}}]},"1":{"loc":{"start":{"line":29,"column":8},"end":{"line":38,"column":null}},"type":"if","locations":[{"start":{"line":29,"column":8},"end":{"line":38,"column":null}},{"start":{"line":31,"column":15},"end":{"line":38,"column":null}}]},"2":{"loc":{"start":{"line":31,"column":15},"end":{"line":38,"column":null}},"type":"if","locations":[{"start":{"line":31,"column":15},"end":{"line":38,"column":null}},{"start":{"line":35,"column":12},"end":{"line":38,"column":null}}]},"3":{"loc":{"start":{"line":43,"column":8},"end":{"line":53,"column":null}},"type":"if","locations":[{"start":{"line":43,"column":8},"end":{"line":53,"column":null}},{"start":{"line":45,"column":15},"end":{"line":53,"column":null}}]},"4":{"loc":{"start":{"line":45,"column":15},"end":{"line":53,"column":null}},"type":"if","locations":[{"start":{"line":45,"column":15},"end":{"line":53,"column":null}},{"start":{"line":50,"column":8},"end":{"line":53,"column":null}}]},"5":{"loc":{"start":{"line":59,"column":15},"end":{"line":59,"column":130}},"type":"binary-expr","locations":[{"start":{"line":59,"column":15},"end":{"line":59,"column":51}},{"start":{"line":59,"column":55},"end":{"line":59,"column":91}},{"start":{"line":59,"column":94},"end":{"line":59,"column":130}}]},"6":{"loc":{"start":{"line":63,"column":8},"end":{"line":65,"column":null}},"type":"if","locations":[{"start":{"line":63,"column":8},"end":{"line":65,"column":null}}]},"7":{"loc":{"start":{"line":66,"column":8},"end":{"line":69,"column":null}},"type":"if","locations":[{"start":{"line":66,"column":8},"end":{"line":69,"column":null}}]}},"s":{"0":6,"1":3,"2":3,"3":3,"4":3,"5":3,"6":7,"7":7,"8":7,"9":1,"10":0,"11":0,"12":0,"13":0,"14":0,"15":0,"16":0,"17":0,"18":3,"19":3,"20":0,"21":0,"22":0,"23":0,"24":0,"25":3,"26":3,"27":0,"28":4,"29":4,"30":0,"31":0,"32":0,"33":0,"34":0,"35":1,"36":1,"37":1,"38":1,"39":4,"40":2},"f":{"0":6,"1":3,"2":7,"3":1,"4":0,"5":3,"6":0,"7":4,"8":1,"9":4},"b":{"0":[1,0,0],"1":[0,0],"2":[0,0],"3":[3,0],"4":[0,0],"5":[0,0,0],"6":[4],"7":[0]}}
,"E:\\ProjectRoot\\UniverseTS\\TsProject\\src\\framework\\core\\ECS\\SyncDebugger.ts": {"path":"E:\\ProjectRoot\\UniverseTS\\TsProject\\src\\framework\\core\\ECS\\SyncDebugger.ts","statementMap":{"0":{"start":{"line":2,"column":12},"end":{"line":2,"column":32}},"1":{"start":{"line":1,"column":0},"end":{"line":1,"column":13}}},"fnMap":{"0":{"name":"(anonymous_0)","decl":{"start":{"line":1,"column":0},"end":{"line":1,"column":13}},"loc":{"start":{"line":1,"column":0},"end":{"line":53,"column":1}}},"1":{"name":"(anonymous_1)","decl":{"start":{"line":5,"column":4},"end":{"line":5,"column":13}},"loc":{"start":{"line":5,"column":56},"end":{"line":36,"column":5}}},"2":{"name":"(anonymous_2)","decl":{"start":{"line":38,"column":4},"end":{"line":38,"column":15}},"loc":{"start":{"line":38,"column":15},"end":{"line":40,"column":5}}},"3":{"name":"(anonymous_3)","decl":{"start":{"line":42,"column":4},"end":{"line":42,"column":16}},"loc":{"start":{"line":42,"column":28},"end":{"line":48,"column":5}}},"4":{"name":"(anonymous_4)","decl":{"start":{"line":50,"column":4},"end":{"line":50,"column":18}},"loc":{"start":{"line":50,"column":37},"end":{"line":52,"column":5}}}},"branchMap":{},"s":{"0":1,"1":1},"f":{"0":1,"1":0,"2":0,"3":0,"4":0},"b":{}}
}
