TN:
SF:src\framework\common\TypedObjectPool.ts
FN:7,(anonymous_0)
FN:11,(anonymous_1)
FN:16,(anonymous_2)
FN:25,(anonymous_3)
FN:29,(anonymous_4)
FN:34,(anonymous_5)
FNF:6
FNH:2
FNDA:0,(anonymous_0)
FNDA:0,(anonymous_1)
FNDA:0,(anonymous_2)
FNDA:5,(anonymous_3)
FNDA:7,(anonymous_4)
FNDA:0,(anonymous_5)
DA:3,3
DA:5,0
DA:8,0
DA:12,0
DA:13,0
DA:17,0
DA:21,3
DA:23,5
DA:26,5
DA:30,7
DA:31,7
DA:35,0
LF:12
LH:6
BRDA:13,0,0,0
BRDA:13,0,1,0
BRDA:31,1,0,0
BRDA:31,1,1,7
BRF:4
BRH:1
end_of_record
TN:
SF:src\framework\core\BattleMath.ts
FN:9,(anonymous_0)
FN:13,(anonymous_1)
FN:19,(anonymous_2)
FN:23,(anonymous_3)
FN:27,(anonymous_4)
FN:33,(anonymous_5)
FN:40,(anonymous_6)
FN:47,(anonymous_7)
FN:51,(anonymous_8)
FN:57,(anonymous_9)
FNF:10
FNH:0
FNDA:0,(anonymous_0)
FNDA:0,(anonymous_1)
FNDA:0,(anonymous_2)
FNDA:0,(anonymous_3)
FNDA:0,(anonymous_4)
FNDA:0,(anonymous_5)
FNDA:0,(anonymous_6)
FNDA:0,(anonymous_7)
FNDA:0,(anonymous_8)
FNDA:0,(anonymous_9)
DA:1,1
DA:3,1
DA:5,1
DA:6,1
DA:7,1
DA:10,0
DA:14,0
DA:15,0
DA:16,0
DA:20,0
DA:24,0
DA:28,0
DA:29,0
DA:30,0
DA:34,0
DA:35,0
DA:37,0
DA:41,0
DA:42,0
DA:43,0
DA:44,0
DA:48,0
DA:52,0
DA:53,0
DA:54,0
DA:58,0
DA:59,0
LF:27
LH:5
BRDA:24,0,0,0
BRDA:24,0,1,0
BRDA:30,1,0,0
BRDA:30,1,1,0
BRDA:34,2,0,0
BRF:5
BRH:0
end_of_record
TN:
SF:src\framework\core\FramePool.ts
FN:6,(anonymous_0)
FN:11,(anonymous_1)
FN:19,(anonymous_2)
FN:23,(anonymous_3)
FN:27,(anonymous_4)
FN:42,(anonymous_5)
FNF:6
FNH:6
FNDA:2,(anonymous_0)
FNDA:2,(anonymous_1)
FNDA:2,(anonymous_2)
FNDA:2,(anonymous_3)
FNDA:1,(anonymous_4)
FNDA:4,(anonymous_5)
DA:6,2
DA:7,2
DA:8,2
DA:12,2
DA:13,2
DA:14,2
DA:15,2
DA:16,2
DA:20,2
DA:24,2
DA:28,1
DA:29,1
DA:31,1
DA:32,1
DA:33,1
DA:35,1
DA:36,1
DA:38,1
DA:43,4
DA:47,2
LF:20
LH:20
BRDA:13,0,0,0
BRDA:13,0,1,2
BRDA:20,1,0,2
BRDA:20,1,1,0
BRDA:24,2,0,2
BRDA:24,2,1,0
BRDA:33,3,0,1
BRDA:33,3,1,0
BRDA:43,4,0,4
BRDA:43,4,1,4
BRF:10
BRH:6
end_of_record
TN:
SF:src\framework\core\JSExtends.ts
FN:5,installJSExtends
FN:6,(anonymous_1)
FN:10,(anonymous_2)
FNF:3
FNH:2
FNDA:1,installJSExtends
FNDA:2,(anonymous_1)
FNDA:0,(anonymous_2)
DA:3,1
DA:6,1
DA:7,2
DA:10,1
DA:11,0
DA:15,1
LF:6
LH:5
BRF:0
BRH:0
end_of_record
TN:
SF:src\framework\core\ListNode.ts
FN:5,(anonymous_0)
FN:12,(anonymous_1)
FN:16,(anonymous_2)
FN:24,(anonymous_3)
FN:34,(anonymous_4)
FNF:5
FNH:2
FNDA:5,(anonymous_0)
FNDA:0,(anonymous_1)
FNDA:2,(anonymous_2)
FNDA:0,(anonymous_3)
FNDA:0,(anonymous_4)
DA:1,3
DA:3,3
DA:4,3
DA:5,5
DA:13,0
DA:17,2
DA:18,2
DA:20,2
DA:21,2
DA:25,0
DA:26,0
DA:28,0
DA:29,0
DA:30,0
DA:31,0
DA:35,0
DA:36,0
DA:37,0
DA:38,0
LF:19
LH:8
BRF:0
BRH:0
end_of_record
TN:
SF:src\framework\core\Prando.ts
FN:18,(anonymous_0)
FN:43,(anonymous_1)
FN:55,(anonymous_2)
FN:71,(anonymous_3)
FN:85,(anonymous_4)
FN:101,(anonymous_5)
FN:111,(anonymous_6)
FN:123,(anonymous_7)
FN:142,(anonymous_8)
FN:150,(anonymous_9)
FN:154,(anonymous_10)
FN:163,(anonymous_11)
FN:167,(anonymous_12)
FN:180,(anonymous_13)
FNF:14
FNH:11
FNDA:1,(anonymous_0)
FNDA:1,(anonymous_1)
FNDA:5,(anonymous_2)
FNDA:1,(anonymous_3)
FNDA:4,(anonymous_4)
FNDA:0,(anonymous_5)
FNDA:1,(anonymous_6)
FNDA:0,(anonymous_7)
FNDA:1,(anonymous_8)
FNDA:11,(anonymous_9)
FNDA:11,(anonymous_10)
FNDA:6,(anonymous_11)
FNDA:0,(anonymous_12)
FNDA:1,(anonymous_13)
DA:1,1
DA:3,1
DA:4,1
DA:7,1
DA:19,1
DA:21,0
DA:22,1
DA:24,1
DA:27,0
DA:29,1
DA:44,1
DA:45,1
DA:56,5
DA:57,5
DA:72,1
DA:73,1
DA:74,3
DA:76,1
DA:86,4
DA:87,4
DA:102,0
DA:103,0
DA:112,1
DA:113,1
DA:124,0
DA:125,0
DA:143,1
DA:151,11
DA:157,11
DA:158,11
DA:159,11
DA:160,11
DA:164,6
DA:168,0
DA:169,0
DA:170,0
DA:171,0
DA:172,0
DA:173,0
DA:174,0
DA:177,0
DA:181,1
DA:182,1
LF:43
LH:29
BRDA:19,0,0,0
BRDA:19,0,1,1
BRDA:22,1,0,1
BRDA:22,1,1,0
BRDA:43,2,0,0
BRDA:43,3,0,0
BRDA:55,4,0,0
BRDA:55,5,0,0
BRDA:71,6,0,0
BRDA:71,7,0,1
BRDA:85,8,0,1
BRDA:123,9,0,0
BRDA:169,10,0,0
BRDA:181,11,0,0
BRF:14
BRH:4
end_of_record
TN:
SF:src\framework\core\Vec2.ts
FN:12,(anonymous_0)
FN:13,(anonymous_1)
FN:14,(anonymous_2)
FN:15,(anonymous_3)
FN:17,(anonymous_4)
FN:22,(anonymous_5)
FN:28,(anonymous_6)
FN:34,(anonymous_7)
FN:40,(anonymous_8)
FN:45,(anonymous_9)
FN:50,(anonymous_10)
FN:54,(anonymous_11)
FN:60,(anonymous_12)
FN:64,(anonymous_13)
FN:68,(anonymous_14)
FN:72,(anonymous_15)
FN:76,(anonymous_16)
FN:85,(anonymous_17)
FN:91,(anonymous_18)
FN:97,(anonymous_19)
FN:103,(anonymous_20)
FN:109,(anonymous_21)
FN:115,(anonymous_22)
FN:121,(anonymous_23)
FN:127,(anonymous_24)
FN:133,(anonymous_25)
FN:137,(anonymous_26)
FN:143,(anonymous_27)
FN:147,(anonymous_28)
FN:151,(anonymous_29)
FN:155,(anonymous_30)
FN:161,(anonymous_31)
FN:165,(anonymous_32)
FN:171,(anonymous_33)
FN:181,(anonymous_34)
FNF:35
FNH:1
FNDA:0,(anonymous_0)
FNDA:0,(anonymous_1)
FNDA:0,(anonymous_2)
FNDA:0,(anonymous_3)
FNDA:4,(anonymous_4)
FNDA:0,(anonymous_5)
FNDA:0,(anonymous_6)
FNDA:0,(anonymous_7)
FNDA:0,(anonymous_8)
FNDA:0,(anonymous_9)
FNDA:0,(anonymous_10)
FNDA:0,(anonymous_11)
FNDA:0,(anonymous_12)
FNDA:0,(anonymous_13)
FNDA:0,(anonymous_14)
FNDA:0,(anonymous_15)
FNDA:0,(anonymous_16)
FNDA:0,(anonymous_17)
FNDA:0,(anonymous_18)
FNDA:0,(anonymous_19)
FNDA:0,(anonymous_20)
FNDA:0,(anonymous_21)
FNDA:0,(anonymous_22)
FNDA:0,(anonymous_23)
FNDA:0,(anonymous_24)
FNDA:0,(anonymous_25)
FNDA:0,(anonymous_26)
FNDA:0,(anonymous_27)
FNDA:0,(anonymous_28)
FNDA:0,(anonymous_29)
FNDA:0,(anonymous_30)
FNDA:0,(anonymous_31)
FNDA:0,(anonymous_32)
FNDA:0,(anonymous_33)
FNDA:0,(anonymous_34)
DA:1,1
DA:3,1
DA:4,1
DA:5,1
DA:6,1
DA:7,1
DA:12,0
DA:13,0
DA:14,0
DA:15,0
DA:18,4
DA:19,4
DA:23,0
DA:24,0
DA:25,0
DA:29,0
DA:30,0
DA:31,0
DA:35,0
DA:36,0
DA:37,0
DA:41,0
DA:42,0
DA:46,0
DA:47,0
DA:51,0
DA:55,0
DA:56,0
DA:57,0
DA:61,0
DA:65,0
DA:69,0
DA:73,0
DA:77,0
DA:78,0
DA:79,0
DA:80,0
DA:82,0
DA:86,0
DA:87,0
DA:88,0
DA:92,0
DA:93,0
DA:94,0
DA:98,0
DA:99,0
DA:100,0
DA:104,0
DA:105,0
DA:106,0
DA:110,0
DA:111,0
DA:112,0
DA:116,0
DA:117,0
DA:118,0
DA:122,0
DA:123,0
DA:124,0
DA:128,0
DA:129,0
DA:130,0
DA:134,0
DA:138,0
DA:139,0
DA:140,0
DA:144,0
DA:148,0
DA:152,0
DA:156,0
DA:157,0
DA:158,0
DA:162,0
DA:166,0
DA:167,0
DA:168,0
DA:172,0
DA:173,0
DA:174,0
DA:175,0
DA:177,0
DA:178,0
DA:182,0
LF:83
LH:8
BRDA:18,0,0,4
BRDA:18,0,1,2
BRDA:19,1,0,4
BRDA:19,1,1,2
BRDA:51,2,0,0
BRDA:51,2,1,0
BRDA:79,3,0,0
BRDA:174,4,0,0
BRDA:174,5,0,0
BRDA:174,5,1,0
BRF:10
BRH:4
end_of_record
TN:
SF:src\framework\core\ECS\Entity.ts
FN:18,(anonymous_0)
FN:19,(anonymous_1)
FN:20,(anonymous_2)
FN:22,(anonymous_3)
FN:29,(anonymous_4)
FN:36,(anonymous_5)
FN:45,(anonymous_6)
FN:72,(anonymous_7)
FN:83,(anonymous_8)
FN:91,(anonymous_9)
FN:111,(anonymous_10)
FN:116,(anonymous_11)
FN:120,(anonymous_12)
FN:128,(anonymous_13)
FN:132,(anonymous_14)
FN:138,(anonymous_15)
FN:164,(anonymous_16)
FNF:17
FNH:7
FNDA:0,(anonymous_0)
FNDA:0,(anonymous_1)
FNDA:0,(anonymous_2)
FNDA:1,(anonymous_3)
FNDA:0,(anonymous_4)
FNDA:0,(anonymous_5)
FNDA:1,(anonymous_6)
FNDA:2,(anonymous_7)
FNDA:0,(anonymous_8)
FNDA:0,(anonymous_9)
FNDA:2,(anonymous_10)
FNDA:0,(anonymous_11)
FNDA:0,(anonymous_12)
FNDA:1,(anonymous_13)
FNDA:1,(anonymous_14)
FNDA:2,(anonymous_15)
FNDA:0,(anonymous_16)
DA:1,1
DA:2,1
DA:3,1
DA:4,1
DA:5,1
DA:6,1
DA:10,1
DA:12,1
DA:18,0
DA:19,0
DA:20,0
DA:23,1
DA:24,1
DA:25,1
DA:26,1
DA:30,0
DA:31,0
DA:32,0
DA:33,0
DA:37,0
DA:38,0
DA:40,0
DA:41,0
DA:42,0
DA:53,1
DA:54,1
DA:55,1
DA:56,1
DA:57,1
DA:58,0
DA:59,0
DA:60,0
DA:61,0
DA:62,0
DA:63,0
DA:68,1
DA:69,1
DA:73,2
DA:74,0
DA:76,2
DA:77,2
DA:78,2
DA:79,2
DA:80,2
DA:84,0
DA:85,0
DA:86,0
DA:88,0
DA:92,0
DA:93,0
DA:95,0
DA:96,0
DA:99,0
DA:100,0
DA:101,0
DA:103,0
DA:104,0
DA:105,0
DA:108,0
DA:112,2
DA:113,2
DA:117,0
DA:121,0
DA:122,0
DA:123,0
DA:125,0
DA:129,1
DA:133,1
DA:134,1
DA:139,2
DA:140,2
DA:141,2
DA:142,0
DA:145,2
DA:146,2
DA:147,2
DA:148,1
DA:149,1
DA:151,1
DA:152,1
DA:154,0
DA:155,0
DA:157,0
DA:158,0
DA:161,2
DA:166,0
DA:167,0
DA:168,0
DA:169,0
DA:170,0
DA:171,0
DA:172,0
DA:173,0
DA:174,0
DA:175,0
DA:176,0
DA:177,0
DA:178,0
LF:98
LH:41
BRDA:55,0,0,1
BRDA:57,1,0,0
BRDA:59,2,0,0
BRDA:61,3,0,0
BRDA:63,4,0,0
BRDA:73,5,0,0
BRDA:76,6,0,0
BRDA:76,7,0,2
BRDA:76,7,1,0
BRDA:77,8,0,0
BRDA:77,9,0,2
BRDA:77,9,1,0
BRDA:78,10,0,0
BRDA:78,11,0,2
BRDA:78,11,1,0
BRDA:79,12,0,0
BRDA:79,13,0,2
BRDA:79,13,1,0
BRDA:85,14,0,0
BRDA:95,15,0,0
BRDA:122,16,0,0
BRDA:133,17,0,1
BRDA:141,18,0,0
BRDA:149,19,0,1
BRDA:149,19,1,0
BRDA:149,19,2,0
BRDA:170,20,0,0
BRDA:170,20,1,0
BRDA:172,21,0,0
BRDA:172,21,1,0
BRDA:177,22,0,0
BRF:31
BRH:7
end_of_record
TN:
SF:src\framework\core\ECS\EntityContext.ts
FN:8,(anonymous_0)
FN:33,(anonymous_1)
FN:34,(anonymous_2)
FN:35,(anonymous_3)
FN:38,(anonymous_4)
FN:46,(anonymous_5)
FN:63,(anonymous_6)
FN:77,(anonymous_7)
FN:81,(anonymous_8)
FN:85,(anonymous_9)
FN:90,(anonymous_10)
FN:98,(anonymous_11)
FN:104,(anonymous_12)
FN:108,(anonymous_13)
FN:159,(anonymous_14)
FN:163,(anonymous_15)
FN:167,(anonymous_16)
FN:171,(anonymous_17)
FN:175,(anonymous_18)
FNF:19
FNH:7
FNDA:1,(anonymous_0)
FNDA:0,(anonymous_1)
FNDA:1,(anonymous_2)
FNDA:0,(anonymous_3)
FNDA:1,(anonymous_4)
FNDA:0,(anonymous_5)
FNDA:0,(anonymous_6)
FNDA:0,(anonymous_7)
FNDA:0,(anonymous_8)
FNDA:0,(anonymous_9)
FNDA:1,(anonymous_10)
FNDA:0,(anonymous_11)
FNDA:0,(anonymous_12)
FNDA:4,(anonymous_13)
FNDA:1,(anonymous_14)
FNDA:2,(anonymous_15)
FNDA:0,(anonymous_16)
FNDA:0,(anonymous_17)
FNDA:0,(anonymous_18)
DA:1,1
DA:3,1
DA:4,1
DA:8,1
DA:9,1
DA:10,1
DA:11,1
DA:12,1
DA:20,1
DA:22,1
DA:25,1
DA:27,1
DA:30,1
DA:31,1
DA:33,0
DA:34,1
DA:35,0
DA:39,1
DA:40,1
DA:41,1
DA:42,1
DA:43,1
DA:47,0
DA:48,0
DA:49,0
DA:51,0
DA:52,0
DA:54,0
DA:55,0
DA:56,0
DA:57,0
DA:59,0
DA:60,0
DA:64,0
DA:65,0
DA:67,0
DA:68,0
DA:69,0
DA:70,0
DA:71,0
DA:74,0
DA:78,0
DA:82,0
DA:86,0
DA:87,0
DA:91,1
DA:92,1
DA:93,1
DA:94,1
DA:95,1
DA:99,0
DA:100,0
DA:101,0
DA:105,0
DA:109,4
DA:110,4
DA:111,2
DA:114,2
DA:115,2
DA:116,1
DA:119,2
DA:120,2
DA:122,2
DA:123,5
DA:126,5
DA:127,5
DA:128,1
DA:129,4
DA:130,0
DA:132,4
DA:133,4
DA:134,0
DA:138,5
DA:139,1
DA:146,2
DA:147,2
DA:149,2
DA:152,0
DA:155,2
DA:156,2
DA:160,1
DA:164,2
DA:168,0
DA:172,0
DA:176,0
DA:177,0
DA:178,0
DA:181,0
DA:182,0
LF:89
LH:50
BRDA:8,0,0,1
BRDA:8,0,1,1
BRDA:87,1,0,0
BRDA:87,1,1,0
BRDA:110,2,0,2
BRDA:115,3,0,1
BRDA:127,4,0,1
BRDA:127,4,1,4
BRDA:129,5,0,0
BRDA:129,5,1,4
BRDA:133,6,0,0
BRDA:138,7,0,1
BRDA:149,8,0,0
BRDA:177,9,0,0
BRF:14
BRH:8
end_of_record
TN:
SF:src\framework\core\ECS\EntityGroup.ts
FN:5,entityCmp
FN:17,fastRemoveUndefineInArray
FN:43,clearMap
FN:60,(anonymous_3)
FN:61,(anonymous_4)
FN:62,(anonymous_5)
FN:63,(anonymous_6)
FN:64,(anonymous_7)
FN:66,(anonymous_8)
FN:71,(anonymous_9)
FN:80,(anonymous_10)
FN:84,(anonymous_11)
FN:99,(anonymous_12)
FN:107,(anonymous_13)
FN:111,(anonymous_14)
FN:115,(anonymous_15)
FN:128,(anonymous_16)
FN:141,(anonymous_17)
FN:162,(anonymous_18)
FN:170,(anonymous_19)
FN:186,(anonymous_20)
FN:202,(anonymous_21)
FN:206,(anonymous_22)
FN:208,(anonymous_23)
FN:221,(anonymous_24)
FN:225,(anonymous_25)
FN:226,(anonymous_26)
FN:228,(anonymous_27)
FN:232,(anonymous_28)
FN:236,(anonymous_29)
FN:240,(anonymous_30)
FNF:31
FNH:0
FNDA:0,entityCmp
FNDA:0,fastRemoveUndefineInArray
FNDA:0,clearMap
FNDA:0,(anonymous_3)
FNDA:0,(anonymous_4)
FNDA:0,(anonymous_5)
FNDA:0,(anonymous_6)
FNDA:0,(anonymous_7)
FNDA:0,(anonymous_8)
FNDA:0,(anonymous_9)
FNDA:0,(anonymous_10)
FNDA:0,(anonymous_11)
FNDA:0,(anonymous_12)
FNDA:0,(anonymous_13)
FNDA:0,(anonymous_14)
FNDA:0,(anonymous_15)
FNDA:0,(anonymous_16)
FNDA:0,(anonymous_17)
FNDA:0,(anonymous_18)
FNDA:0,(anonymous_19)
FNDA:0,(anonymous_20)
FNDA:0,(anonymous_21)
FNDA:0,(anonymous_22)
FNDA:0,(anonymous_23)
FNDA:0,(anonymous_24)
FNDA:0,(anonymous_25)
FNDA:0,(anonymous_26)
FNDA:0,(anonymous_27)
FNDA:0,(anonymous_28)
FNDA:0,(anonymous_29)
FNDA:0,(anonymous_30)
DA:2,1
DA:6,0
DA:7,0
DA:9,0
DA:10,0
DA:12,0
DA:16,1
DA:18,0
DA:20,0
DA:21,0
DA:22,0
DA:23,0
DA:27,0
DA:28,0
DA:29,0
DA:30,0
DA:31,0
DA:32,0
DA:35,0
DA:36,0
DA:39,0
DA:40,0
DA:44,0
DA:45,0
DA:49,1
DA:51,0
DA:52,0
DA:53,0
DA:54,0
DA:55,0
DA:56,0
DA:57,0
DA:60,0
DA:61,0
DA:62,0
DA:63,0
DA:64,0
DA:67,0
DA:68,0
DA:72,0
DA:73,0
DA:74,0
DA:75,0
DA:76,0
DA:77,0
DA:81,0
DA:85,0
DA:86,0
DA:89,0
DA:90,0
DA:91,0
DA:92,0
DA:93,0
DA:95,0
DA:100,0
DA:101,0
DA:104,0
DA:108,0
DA:112,0
DA:116,0
DA:117,0
DA:118,0
DA:119,0
DA:121,0
DA:122,0
DA:125,0
DA:129,0
DA:130,0
DA:131,0
DA:132,0
DA:134,0
DA:135,0
DA:136,0
DA:138,0
DA:142,0
DA:143,0
DA:144,0
DA:147,0
DA:148,0
DA:149,0
DA:150,0
DA:153,0
DA:154,0
DA:155,0
DA:156,0
DA:157,0
DA:159,0
DA:163,0
DA:164,0
DA:165,0
DA:166,0
DA:171,0
DA:172,0
DA:173,0
DA:175,0
DA:176,0
DA:177,0
DA:178,0
DA:179,0
DA:183,0
DA:187,0
DA:188,0
DA:189,0
DA:190,0
DA:191,0
DA:192,0
DA:195,0
DA:199,1
DA:200,0
DA:203,0
DA:206,0
DA:209,0
DA:210,0
DA:211,0
DA:214,0
DA:218,1
DA:222,0
DA:225,0
DA:226,0
DA:229,0
DA:233,0
DA:237,0
DA:241,0
LF:123
LH:5
BRDA:6,0,0,0
BRDA:9,1,0,0
BRDA:22,2,0,0
BRDA:31,3,0,0
BRDA:85,4,0,0
BRDA:92,5,0,0
BRDA:100,6,0,0
BRDA:121,7,0,0
BRDA:143,8,0,0
BRDA:165,9,0,0
BRDA:178,10,0,0
BRDA:191,11,0,0
BRDA:210,12,0,0
BRF:13
BRH:0
end_of_record
TN:
SF:src\framework\core\ECS\EventSlots.ts
FN:8,(anonymous_0)
FN:11,(anonymous_1)
FN:23,(anonymous_2)
FN:63,(anonymous_3)
FNF:4
FNH:4
FNDA:1,(anonymous_0)
FNDA:2,(anonymous_1)
FNDA:6,(anonymous_2)
FNDA:8,(anonymous_3)
DA:1,2
DA:6,2
DA:8,2
DA:9,1
DA:12,2
DA:14,2
DA:15,2
DA:16,2
DA:17,2
DA:18,2
DA:20,2
DA:24,6
DA:25,6
DA:27,6
DA:29,6
DA:32,6
DA:33,6
DA:34,6
DA:35,6
DA:36,6
DA:39,6
DA:40,6
DA:41,6
DA:58,6
DA:59,3
DA:64,8
DA:65,8
DA:66,6
DA:69,2
DA:70,2
DA:71,2
DA:74,2
DA:75,2
DA:77,2
DA:78,2
LF:35
LH:35
BRDA:40,0,0,6
BRDA:40,1,0,6
BRDA:40,1,1,6
BRDA:41,2,0,6
BRDA:41,2,1,3
BRDA:58,3,0,3
BRDA:65,4,0,6
BRF:7
BRH:7
end_of_record
TN:
SF:src\framework\core\ECS\GroupContext.ts
FN:11,(anonymous_0)
FN:24,(anonymous_1)
FN:25,(anonymous_2)
FN:27,(anonymous_3)
FN:32,(anonymous_4)
FN:40,(anonymous_5)
FN:48,(anonymous_6)
FN:52,(anonymous_7)
FN:82,(anonymous_8)
FN:89,(anonymous_9)
FN:94,(anonymous_10)
FN:118,(anonymous_11)
FN:126,(anonymous_12)
FN:147,(anonymous_13)
FN:151,(anonymous_14)
FNF:15
FNH:5
FNDA:2,(anonymous_0)
FNDA:0,(anonymous_1)
FNDA:0,(anonymous_2)
FNDA:1,(anonymous_3)
FNDA:0,(anonymous_4)
FNDA:0,(anonymous_5)
FNDA:0,(anonymous_6)
FNDA:0,(anonymous_7)
FNDA:0,(anonymous_8)
FNDA:0,(anonymous_9)
FNDA:1,(anonymous_10)
FNDA:0,(anonymous_11)
FNDA:2,(anonymous_12)
FNDA:1,(anonymous_13)
FNDA:0,(anonymous_14)
DA:1,1
DA:4,1
DA:5,1
DA:9,2
DA:12,2
DA:13,2
DA:19,1
DA:20,1
DA:22,1
DA:24,0
DA:25,0
DA:28,1
DA:29,1
DA:33,0
DA:34,0
DA:35,0
DA:36,0
DA:41,0
DA:42,0
DA:43,0
DA:44,0
DA:49,0
DA:53,0
DA:54,0
DA:55,0
DA:58,0
DA:59,0
DA:61,0
DA:62,0
DA:63,0
DA:64,0
DA:65,0
DA:66,0
DA:71,0
DA:72,0
DA:73,0
DA:74,0
DA:75,0
DA:79,0
DA:83,0
DA:84,0
DA:85,0
DA:88,0
DA:89,0
DA:90,0
DA:91,0
DA:95,1
DA:96,1
DA:98,1
DA:99,1
DA:100,0
DA:101,0
DA:103,0
DA:106,1
DA:107,1
DA:108,0
DA:109,0
DA:111,0
DA:112,0
DA:114,0
DA:119,0
DA:120,0
DA:121,0
DA:122,0
DA:127,2
DA:128,2
DA:129,0
DA:132,2
DA:133,2
DA:134,2
DA:135,0
DA:136,0
DA:137,0
DA:138,0
DA:142,2
DA:146,1
DA:148,1
DA:152,0
DA:153,0
DA:155,0
DA:156,0
DA:157,0
DA:158,0
DA:161,0
LF:84
LH:25
BRDA:54,0,0,0
BRDA:65,1,0,0
BRDA:74,2,0,0
BRDA:84,3,0,0
BRDA:100,4,0,0
BRDA:108,5,0,0
BRDA:111,6,0,0
BRDA:128,7,0,0
BRDA:137,8,0,0
BRDA:157,9,0,0
BRF:10
BRH:0
end_of_record
TN:
SF:src\framework\core\ECS\GroupID.ts
FN:6,(anonymous_0)
FN:10,(anonymous_1)
FN:18,(anonymous_2)
FN:24,(anonymous_3)
FN:28,(anonymous_4)
FN:42,(anonymous_5)
FN:58,(anonymous_6)
FN:62,(anonymous_7)
FN:74,(anonymous_8)
FN:81,(anonymous_9)
FNF:10
FNH:8
FNDA:6,(anonymous_0)
FNDA:3,(anonymous_1)
FNDA:7,(anonymous_2)
FNDA:1,(anonymous_3)
FNDA:0,(anonymous_4)
FNDA:3,(anonymous_5)
FNDA:0,(anonymous_6)
FNDA:4,(anonymous_7)
FNDA:1,(anonymous_8)
FNDA:4,(anonymous_9)
DA:1,2
DA:7,6
DA:11,3
DA:12,3
DA:13,3
DA:14,3
DA:15,3
DA:19,7
DA:20,7
DA:21,7
DA:25,1
DA:29,0
DA:30,0
DA:31,0
DA:32,0
DA:33,0
DA:36,0
DA:37,0
DA:39,0
DA:43,3
DA:44,3
DA:45,0
DA:46,0
DA:47,0
DA:51,0
DA:52,0
DA:54,3
DA:55,3
DA:59,0
DA:63,4
DA:64,4
DA:66,0
DA:67,0
DA:68,0
DA:70,0
DA:71,0
DA:75,1
DA:76,1
DA:77,1
DA:78,1
DA:82,4
LF:41
LH:22
BRDA:25,0,0,1
BRDA:25,0,1,0
BRDA:25,0,2,0
BRDA:29,1,0,0
BRDA:29,1,1,0
BRDA:31,2,0,0
BRDA:31,2,1,0
BRDA:43,3,0,3
BRDA:43,3,1,0
BRDA:45,4,0,0
BRDA:45,4,1,0
BRDA:59,5,0,0
BRDA:59,5,1,0
BRDA:59,5,2,0
BRDA:63,6,0,4
BRDA:66,7,0,0
BRF:16
BRH:3
end_of_record
TN:
SF:src\framework\core\ECS\SyncDebugger.ts
FN:1,(anonymous_0)
FN:5,(anonymous_1)
FN:38,(anonymous_2)
FN:42,(anonymous_3)
FN:50,(anonymous_4)
FNF:5
FNH:1
FNDA:1,(anonymous_0)
FNDA:0,(anonymous_1)
FNDA:0,(anonymous_2)
FNDA:0,(anonymous_3)
FNDA:0,(anonymous_4)
DA:1,1
DA:2,1
LF:2
LH:2
BRF:0
BRH:0
end_of_record
